<?xml version="1.0" encoding="UTF-8"?>
<TestRun id="9e3723a7-1b94-4310-8626-ab99fc5c2463" name="Dat@DAT 2019-11-17 15:44:51" runUser="DAT\Dat" xmlns="http://microsoft.com/schemas/VisualStudio/TeamTest/2010">
  <TestSettings name="Local" id="ac1e801b-a157-4743-b81a-14bced406d4b">
    <Description>These are default test settings for a local test run.</Description>
    <Deployment enabled="false" runDeploymentRoot="Dat_DAT 2019-11-17 15_44_51">
      <DeploymentItem filename="C:\Users\Dat\Desktop\QuanLyCafe_ver2.0\bin\Debug\[KTPM]QuanLyCafe.exe" />
    </Deployment>
    <Execution>
      <TestTypeSpecific />
      <AgentRule name="Execution Agents">
      </AgentRule>
    </Execution>
  </TestSettings>
  <Times creation="2019-11-17T15:44:51.9580261+07:00" queuing="2019-11-17T15:44:51.9889429+07:00" start="2019-11-17T15:44:51.9969214+07:00" finish="2019-11-17T15:44:52.2821600+07:00" />
  <ResultSummary outcome="Failed">
    <Counters total="1" executed="1" error="0" failed="1" timeout="0" aborted="0" inconclusive="0" passedButRunAborted="0" notRunnable="0" notExecuted="0" disconnected="0" warning="0" passed="0" completed="0" inProgress="0" pending="0" />
  </ResultSummary>
  <TestDefinitions>
    <UnitTest name="Test_TimBan" storage="c:\users\dat\desktop\quanlycafe_ver2.0\unittest\bin\debug\unittest.dll" id="33a58f0f-3dca-1fe3-62b5-136a4321b875">
      <Execution id="504998c0-6d2b-4bf3-ae3e-efa0cb3609d8" />
      <TestMethod codeBase="C:/Users/Dat/Desktop/QuanLyCafe_ver2.0/UnitTest/bin/Debug/UnitTest.DLL" adapterTypeName="Microsoft.VisualStudio.TestTools.TestTypes.Unit.UnitTestAdapter, Microsoft.VisualStudio.QualityTools.Tips.UnitTest.Adapter, Version=10.0.0.0, Culture=neutral, PublicKeyToken=b03f5f7f11d50a3a" className="UnitTest.Test_DSBan, UnitTest, Version=1.0.0.0, Culture=neutral, PublicKeyToken=null" name="Test_TimBan" />
    </UnitTest>
  </TestDefinitions>
  <TestLists>
    <TestList name="Results Not in a List" id="8c84fa94-04c1-424b-9868-57a2d4851a1d" />
    <TestList name="All Loaded Results" id="19431567-8539-422a-85d7-44ee4e166bda" />
  </TestLists>
  <TestEntries>
    <TestEntry testId="33a58f0f-3dca-1fe3-62b5-136a4321b875" executionId="504998c0-6d2b-4bf3-ae3e-efa0cb3609d8" testListId="8c84fa94-04c1-424b-9868-57a2d4851a1d" />
  </TestEntries>
  <Results>
    <UnitTestResult executionId="504998c0-6d2b-4bf3-ae3e-efa0cb3609d8" testId="33a58f0f-3dca-1fe3-62b5-136a4321b875" testName="Test_TimBan" computerName="DAT" duration="00:00:00.0379902" startTime="2019-11-17T15:44:52.0068952+07:00" endTime="2019-11-17T15:44:52.2372790+07:00" testType="13cdc9d9-ddb5-4fa4-a97d-d965ccfc6d4b" outcome="Failed" testListId="8c84fa94-04c1-424b-9868-57a2d4851a1d" relativeResultsDirectory="504998c0-6d2b-4bf3-ae3e-efa0cb3609d8">
      <Output>
        <ErrorInfo>
          <Message>Assert.Fail failed. Assert.Equals should not be used for Assertions. Please use Assert.AreEqual &amp; overloads instead.</Message>
          <StackTrace>   at UnitTest.Test_DSBan.Test_TimBan() in C:\Users\Dat\Desktop\QuanLyCafe_ver2.0\UnitTest\Test_DSBan.cs:line 35
</StackTrace>
        </ErrorInfo>
      </Output>
    </UnitTestResult>
  </Results>
</TestRun>