<?xml version="1.0" encoding="UTF-8"?>
<TestRun id="f38f6d9e-3888-4c9a-bb64-e9012e8d636c" name="Dat@DAT 2019-11-16 21:49:43" runUser="DAT\Dat" xmlns="http://microsoft.com/schemas/VisualStudio/TeamTest/2010">
  <TestSettings name="Local" id="ac1e801b-a157-4743-b81a-14bced406d4b">
    <Description>These are default test settings for a local test run.</Description>
    <Deployment enabled="false" runDeploymentRoot="Dat_DAT 2019-11-16 21_49_43">
      <DeploymentItem filename="C:\Users\Dat\Desktop\QuanLyCafe\bin\Debug\[KTPM]QuanLyCafe.exe" />
    </Deployment>
    <Execution>
      <TestTypeSpecific />
      <AgentRule name="Execution Agents">
      </AgentRule>
    </Execution>
  </TestSettings>
  <Times creation="2019-11-16T21:49:43.9753241+07:00" queuing="2019-11-16T21:49:43.9982238+07:00" start="2019-11-16T21:49:44.0071993+07:00" finish="2019-11-16T21:49:46.6907027+07:00" />
  <ResultSummary outcome="Completed">
    <Counters total="1" executed="1" passed="1" error="0" failed="0" timeout="0" aborted="0" inconclusive="0" passedButRunAborted="0" notRunnable="0" notExecuted="0" disconnected="0" warning="0" completed="0" inProgress="0" pending="0" />
  </ResultSummary>
  <TestDefinitions>
    <UnitTest name="Test_QuanTri3" storage="c:\users\dat\desktop\quanlycafe\testpm\bin\debug\testpm.dll" id="3dad8991-c613-c1f9-0cb1-f41532d7eba0">
      <Execution id="493a6db3-84b8-469d-9998-dda38f70e13f" />
      <TestMethod codeBase="C:/Users/Dat/Desktop/QuanLyCafe/TestPM/bin/Debug/TestPM.DLL" adapterTypeName="Microsoft.VisualStudio.TestTools.TestTypes.Unit.UnitTestAdapter, Microsoft.VisualStudio.QualityTools.Tips.UnitTest.Adapter, Version=10.0.0.0, Culture=neutral, PublicKeyToken=b03f5f7f11d50a3a" className="Test_QuanLyCafe.Test_DangNhap, TestPM, Version=1.0.0.0, Culture=neutral, PublicKeyToken=null" name="Test_QuanTri3" />
    </UnitTest>
  </TestDefinitions>
  <TestLists>
    <TestList name="Results Not in a List" id="8c84fa94-04c1-424b-9868-57a2d4851a1d" />
    <TestList name="All Loaded Results" id="19431567-8539-422a-85d7-44ee4e166bda" />
  </TestLists>
  <TestEntries>
    <TestEntry testId="3dad8991-c613-c1f9-0cb1-f41532d7eba0" executionId="493a6db3-84b8-469d-9998-dda38f70e13f" testListId="8c84fa94-04c1-424b-9868-57a2d4851a1d" />
  </TestEntries>
  <Results>
    <UnitTestResult executionId="493a6db3-84b8-469d-9998-dda38f70e13f" testId="3dad8991-c613-c1f9-0cb1-f41532d7eba0" testName="Test_QuanTri3" computerName="DAT" duration="00:00:02.4721976" startTime="2019-11-16T21:49:44.0161757+07:00" endTime="2019-11-16T21:49:46.6728028+07:00" testType="13cdc9d9-ddb5-4fa4-a97d-d965ccfc6d4b" outcome="Passed" testListId="8c84fa94-04c1-424b-9868-57a2d4851a1d" relativeResultsDirectory="493a6db3-84b8-469d-9998-dda38f70e13f">
    </UnitTestResult>
  </Results>
</TestRun>