<?xml version="1.0" encoding="UTF-8"?>
<TestRun id="9ecbfc4d-6bba-4dab-9d17-04794a848505" name="Dat@DAT 2019-11-16 14:43:35" runUser="DAT\Dat" xmlns="http://microsoft.com/schemas/VisualStudio/TeamTest/2010">
  <TestSettings name="Local" id="ac1e801b-a157-4743-b81a-14bced406d4b">
    <Description>These are default test settings for a local test run.</Description>
    <Deployment enabled="false" runDeploymentRoot="Dat_DAT 2019-11-16 14_43_35">
      <DeploymentItem filename="C:\Users\Dat\Desktop\QuanLyCafe\bin\Debug\[KTPM]QuanLyCafe.exe" />
    </Deployment>
    <Execution>
      <TestTypeSpecific />
      <AgentRule name="Execution Agents">
      </AgentRule>
    </Execution>
  </TestSettings>
  <Times creation="2019-11-16T14:43:35.7956625+07:00" queuing="2019-11-16T14:43:36.7415580+07:00" start="2019-11-16T14:43:36.8741641+07:00" finish="2019-11-16T14:43:53.9343202+07:00" />
  <ResultSummary outcome="Failed">
    <Counters total="1" executed="1" error="0" failed="1" timeout="0" aborted="0" inconclusive="0" passedButRunAborted="0" notRunnable="0" notExecuted="0" disconnected="0" warning="0" passed="0" completed="0" inProgress="0" pending="0" />
  </ResultSummary>
  <TestDefinitions>
    <UnitTest name="TestMethod1" storage="c:\users\dat\desktop\testpm\bin\debug\testpm.dll" id="965eab1f-853f-2831-d698-eb176c37d1a3">
      <Execution id="98a79c34-93fb-46eb-9bd3-87a0e60a0fb0" />
      <TestMethod codeBase="C:/Users/Dat/Desktop/TestPM/bin/Debug/TestPM.DLL" adapterTypeName="Microsoft.VisualStudio.TestTools.TestTypes.Unit.UnitTestAdapter, Microsoft.VisualStudio.QualityTools.Tips.UnitTest.Adapter, Version=10.0.0.0, Culture=neutral, PublicKeyToken=b03f5f7f11d50a3a" className="TestPM.DangNhapTest, TestPM, Version=1.0.0.0, Culture=neutral, PublicKeyToken=null" name="TestMethod1" />
    </UnitTest>
  </TestDefinitions>
  <TestLists>
    <TestList name="Results Not in a List" id="8c84fa94-04c1-424b-9868-57a2d4851a1d" />
    <TestList name="All Loaded Results" id="19431567-8539-422a-85d7-44ee4e166bda" />
  </TestLists>
  <TestEntries>
    <TestEntry testId="965eab1f-853f-2831-d698-eb176c37d1a3" executionId="98a79c34-93fb-46eb-9bd3-87a0e60a0fb0" testListId="8c84fa94-04c1-424b-9868-57a2d4851a1d" />
  </TestEntries>
  <Results>
    <UnitTestResult executionId="98a79c34-93fb-46eb-9bd3-87a0e60a0fb0" testId="965eab1f-853f-2831-d698-eb176c37d1a3" testName="TestMethod1" computerName="DAT" duration="00:00:15.0633984" startTime="2019-11-16T14:43:36.9609343+07:00" endTime="2019-11-16T14:43:52.3011611+07:00" testType="13cdc9d9-ddb5-4fa4-a97d-d965ccfc6d4b" outcome="Failed" testListId="8c84fa94-04c1-424b-9868-57a2d4851a1d" relativeResultsDirectory="98a79c34-93fb-46eb-9bd3-87a0e60a0fb0">
      <Output>
        <ErrorInfo>
          <Message>Assert.Fail failed. Assert.Equals should not be used for Assertions. Please use Assert.AreEqual &amp; overloads instead.</Message>
          <StackTrace>   at TestPM.DangNhapTest.TestMethod1() in C:\Users\Dat\Desktop\TestPM\DangNhapTest.cs:line 22
</StackTrace>
        </ErrorInfo>
      </Output>
    </UnitTestResult>
  </Results>
</TestRun>