<?xml version="1.0" encoding="UTF-8"?>
<TestRun id="9b29dbdf-2c0b-4357-8e66-fdc86ea4959a" name="Dat@DAT 2019-11-17 22:32:38" runUser="DAT\Dat" xmlns="http://microsoft.com/schemas/VisualStudio/TeamTest/2010">
  <TestSettings name="Local" id="ac1e801b-a157-4743-b81a-14bced406d4b">
    <Description>These are default test settings for a local test run.</Description>
    <Deployment enabled="false" runDeploymentRoot="Dat_DAT 2019-11-17 22_32_38">
      <DeploymentItem filename="C:\Users\Dat\Desktop\QuanLyCafe_ver2.0\bin\Debug\[KTPM]QuanLyCafe.exe" />
    </Deployment>
    <Execution>
      <TestTypeSpecific />
      <AgentRule name="Execution Agents">
      </AgentRule>
    </Execution>
  </TestSettings>
  <Times creation="2019-11-17T22:32:38.8474116+07:00" queuing="2019-11-17T22:32:38.8862544+07:00" start="2019-11-17T22:32:38.8902442+07:00" finish="2019-11-17T22:32:39.1625163+07:00" />
  <ResultSummary outcome="Failed">
    <Counters total="1" executed="1" error="0" failed="1" timeout="0" aborted="0" inconclusive="0" passedButRunAborted="0" notRunnable="0" notExecuted="0" disconnected="0" warning="0" passed="0" completed="0" inProgress="0" pending="0" />
  </ResultSummary>
  <TestDefinitions>
    <UnitTest name="DsMonYeuCau_TimDungTenMon" storage="c:\users\dat\desktop\quanlycafe_ver2.0\unittest\bin\debug\unittest.dll" id="17e42041-4516-a87e-ff03-80180ded590a">
      <Execution id="19d983f4-7df8-4b68-bc6a-bd3e46c1a210" />
      <TestMethod codeBase="C:/Users/Dat/Desktop/QuanLyCafe_ver2.0/UnitTest/bin/Debug/UnitTest.DLL" adapterTypeName="Microsoft.VisualStudio.TestTools.TestTypes.Unit.UnitTestAdapter, Microsoft.VisualStudio.QualityTools.Tips.UnitTest.Adapter, Version=10.0.0.0, Culture=neutral, PublicKeyToken=b03f5f7f11d50a3a" className="UnitTest.Test_DSMon, UnitTest, Version=1.0.0.0, Culture=neutral, PublicKeyToken=null" name="DsMonYeuCau_TimDungTenMon" />
    </UnitTest>
  </TestDefinitions>
  <TestLists>
    <TestList name="Results Not in a List" id="8c84fa94-04c1-424b-9868-57a2d4851a1d" />
    <TestList name="All Loaded Results" id="19431567-8539-422a-85d7-44ee4e166bda" />
  </TestLists>
  <TestEntries>
    <TestEntry testId="17e42041-4516-a87e-ff03-80180ded590a" executionId="19d983f4-7df8-4b68-bc6a-bd3e46c1a210" testListId="8c84fa94-04c1-424b-9868-57a2d4851a1d" />
  </TestEntries>
  <Results>
    <UnitTestResult executionId="19d983f4-7df8-4b68-bc6a-bd3e46c1a210" testId="17e42041-4516-a87e-ff03-80180ded590a" testName="DsMonYeuCau_TimDungTenMon" computerName="DAT" duration="00:00:00.0372007" startTime="2019-11-17T22:32:38.9002181+07:00" endTime="2019-11-17T22:32:39.1445648+07:00" testType="13cdc9d9-ddb5-4fa4-a97d-d965ccfc6d4b" outcome="Failed" testListId="8c84fa94-04c1-424b-9868-57a2d4851a1d" relativeResultsDirectory="19d983f4-7df8-4b68-bc6a-bd3e46c1a210">
      <Output>
        <ErrorInfo>
          <Message>Assert.AreEqual failed. Expected:&lt;True&gt;. Actual:&lt;False&gt;. </Message>
          <StackTrace>   at UnitTest.Test_DSMon.DsMonYeuCau_TimDungTenMon() in C:\Users\Dat\Desktop\QuanLyCafe_ver2.0\UnitTest\Test_DSMon.cs:line 155
</StackTrace>
        </ErrorInfo>
      </Output>
    </UnitTestResult>
  </Results>
</TestRun>