<?xml version="1.0" encoding="UTF-8"?>
<TestRun id="88b5aedf-33ed-424e-9c39-ed39258b55ff" name="Dat@DAT 2019-11-17 22:14:14" runUser="DAT\Dat" xmlns="http://microsoft.com/schemas/VisualStudio/TeamTest/2010">
  <TestSettings name="Local" id="ac1e801b-a157-4743-b81a-14bced406d4b">
    <Description>These are default test settings for a local test run.</Description>
    <Deployment enabled="false" runDeploymentRoot="Dat_DAT 2019-11-17 22_14_14">
      <DeploymentItem filename="C:\Users\Dat\Desktop\QuanLyCafe_ver2.0\bin\Debug\[KTPM]QuanLyCafe.exe" />
    </Deployment>
    <Execution>
      <TestTypeSpecific />
      <AgentRule name="Execution Agents">
      </AgentRule>
    </Execution>
  </TestSettings>
  <Times creation="2019-11-17T22:14:14.3353211+07:00" queuing="2019-11-17T22:14:14.3841908+07:00" start="2019-11-17T22:14:14.3881815+07:00" finish="2019-11-17T22:14:14.6589678+07:00" />
  <ResultSummary outcome="Failed">
    <Counters total="1" executed="1" error="0" failed="1" timeout="0" aborted="0" inconclusive="0" passedButRunAborted="0" notRunnable="0" notExecuted="0" disconnected="0" warning="0" passed="0" completed="0" inProgress="0" pending="0" />
  </ResultSummary>
  <TestDefinitions>
    <UnitTest name="KiemTraTenMonTrung_NhapTenKhongTrung" storage="c:\users\dat\desktop\quanlycafe_ver2.0\unittest\bin\debug\unittest.dll" id="06b8123c-7d1f-8bac-45a7-799067530aab">
      <Execution id="fba5b5b3-dfb2-4596-a2e0-3493c6aeda8f" />
      <TestMethod codeBase="C:/Users/Dat/Desktop/QuanLyCafe_ver2.0/UnitTest/bin/Debug/UnitTest.DLL" adapterTypeName="Microsoft.VisualStudio.TestTools.TestTypes.Unit.UnitTestAdapter, Microsoft.VisualStudio.QualityTools.Tips.UnitTest.Adapter, Version=10.0.0.0, Culture=neutral, PublicKeyToken=b03f5f7f11d50a3a" className="UnitTest.Test_DSMon, UnitTest, Version=1.0.0.0, Culture=neutral, PublicKeyToken=null" name="KiemTraTenMonTrung_NhapTenKhongTrung" />
    </UnitTest>
  </TestDefinitions>
  <TestLists>
    <TestList name="Results Not in a List" id="8c84fa94-04c1-424b-9868-57a2d4851a1d" />
    <TestList name="All Loaded Results" id="19431567-8539-422a-85d7-44ee4e166bda" />
  </TestLists>
  <TestEntries>
    <TestEntry testId="06b8123c-7d1f-8bac-45a7-799067530aab" executionId="fba5b5b3-dfb2-4596-a2e0-3493c6aeda8f" testListId="8c84fa94-04c1-424b-9868-57a2d4851a1d" />
  </TestEntries>
  <Results>
    <UnitTestResult executionId="fba5b5b3-dfb2-4596-a2e0-3493c6aeda8f" testId="06b8123c-7d1f-8bac-45a7-799067530aab" testName="KiemTraTenMonTrung_NhapTenKhongTrung" computerName="DAT" duration="00:00:00.0297059" startTime="2019-11-17T22:14:14.3996608+07:00" endTime="2019-11-17T22:14:14.6390200+07:00" testType="13cdc9d9-ddb5-4fa4-a97d-d965ccfc6d4b" outcome="Failed" testListId="8c84fa94-04c1-424b-9868-57a2d4851a1d" relativeResultsDirectory="fba5b5b3-dfb2-4596-a2e0-3493c6aeda8f">
      <Output>
        <ErrorInfo>
          <Message>Assert.AreEqual failed. Expected:&lt;False&gt;. Actual:&lt;True&gt;. </Message>
          <StackTrace>   at UnitTest.Test_DSMon.KiemTraTenMonTrung_NhapTenKhongTrung() in C:\Users\Dat\Desktop\QuanLyCafe_ver2.0\UnitTest\Test_DSMon.cs:line 75
</StackTrace>
        </ErrorInfo>
      </Output>
    </UnitTestResult>
  </Results>
</TestRun>