<?xml version="1.0" encoding="UTF-8"?>
<TestRun id="fc6b74b5-3a66-4a83-ad60-4e216824fb33" name="Dat@DAT 2019-11-16 21:48:53" runUser="DAT\Dat" xmlns="http://microsoft.com/schemas/VisualStudio/TeamTest/2010">
  <TestSettings name="Local" id="ac1e801b-a157-4743-b81a-14bced406d4b">
    <Description>These are default test settings for a local test run.</Description>
    <Deployment enabled="false" runDeploymentRoot="Dat_DAT 2019-11-16 21_48_53">
      <DeploymentItem filename="C:\Users\Dat\Desktop\QuanLyCafe\bin\Debug\[KTPM]QuanLyCafe.exe" />
    </Deployment>
    <Execution>
      <TestTypeSpecific />
      <AgentRule name="Execution Agents">
      </AgentRule>
    </Execution>
  </TestSettings>
  <Times creation="2019-11-16T21:48:53.4570653+07:00" queuing="2019-11-16T21:48:54.4195136+07:00" start="2019-11-16T21:48:54.5621360+07:00" finish="2019-11-16T21:48:56.3447152+07:00" />
  <ResultSummary outcome="Completed">
    <Counters total="1" executed="1" passed="1" error="0" failed="0" timeout="0" aborted="0" inconclusive="0" passedButRunAborted="0" notRunnable="0" notExecuted="0" disconnected="0" warning="0" completed="0" inProgress="0" pending="0" />
  </ResultSummary>
  <TestDefinitions>
    <UnitTest name="Test_ThuNgan2" storage="c:\users\dat\desktop\quanlycafe\testpm\bin\debug\testpm.dll" id="70305cc4-5d92-51bd-09e0-b5bbf19b5f6d">
      <Execution id="720a5f4d-2a57-4a07-9ddc-bffac702e74b" />
      <TestMethod codeBase="C:/Users/Dat/Desktop/QuanLyCafe/TestPM/bin/Debug/TestPM.DLL" adapterTypeName="Microsoft.VisualStudio.TestTools.TestTypes.Unit.UnitTestAdapter, Microsoft.VisualStudio.QualityTools.Tips.UnitTest.Adapter, Version=10.0.0.0, Culture=neutral, PublicKeyToken=b03f5f7f11d50a3a" className="Test_QuanLyCafe.Test_DangNhap, TestPM, Version=1.0.0.0, Culture=neutral, PublicKeyToken=null" name="Test_ThuNgan2" />
    </UnitTest>
  </TestDefinitions>
  <TestLists>
    <TestList name="Results Not in a List" id="8c84fa94-04c1-424b-9868-57a2d4851a1d" />
    <TestList name="All Loaded Results" id="19431567-8539-422a-85d7-44ee4e166bda" />
  </TestLists>
  <TestEntries>
    <TestEntry testId="70305cc4-5d92-51bd-09e0-b5bbf19b5f6d" executionId="720a5f4d-2a57-4a07-9ddc-bffac702e74b" testListId="8c84fa94-04c1-424b-9868-57a2d4851a1d" />
  </TestEntries>
  <Results>
    <UnitTestResult executionId="720a5f4d-2a57-4a07-9ddc-bffac702e74b" testId="70305cc4-5d92-51bd-09e0-b5bbf19b5f6d" testName="Test_ThuNgan2" computerName="DAT" duration="00:00:01.3224608" startTime="2019-11-16T21:48:54.6299544+07:00" endTime="2019-11-16T21:48:56.2389992+07:00" testType="13cdc9d9-ddb5-4fa4-a97d-d965ccfc6d4b" outcome="Passed" testListId="8c84fa94-04c1-424b-9868-57a2d4851a1d" relativeResultsDirectory="720a5f4d-2a57-4a07-9ddc-bffac702e74b">
    </UnitTestResult>
  </Results>
</TestRun>