<?xml version="1.0" encoding="UTF-8"?>
<TestRun id="a30f361a-0390-4b70-abba-f3d1b0ffa5f0" name="Dat@DAT 2019-11-17 16:19:07" runUser="DAT\Dat" xmlns="http://microsoft.com/schemas/VisualStudio/TeamTest/2010">
  <TestSettings name="Local" id="ac1e801b-a157-4743-b81a-14bced406d4b">
    <Description>These are default test settings for a local test run.</Description>
    <Deployment enabled="false" runDeploymentRoot="Dat_DAT 2019-11-17 16_19_07">
      <DeploymentItem filename="C:\Users\Dat\Desktop\QuanLyCafe_ver2.0\bin\Debug\[KTPM]QuanLyCafe.exe" />
    </Deployment>
    <Execution>
      <TestTypeSpecific />
      <AgentRule name="Execution Agents">
      </AgentRule>
    </Execution>
  </TestSettings>
  <Times creation="2019-11-17T16:19:07.0582121+07:00" queuing="2019-11-17T16:19:07.1150595+07:00" start="2019-11-17T16:19:07.1190492+07:00" finish="2019-11-17T16:19:07.3703774+07:00" />
  <ResultSummary outcome="Completed">
    <Counters total="1" executed="1" passed="1" error="0" failed="0" timeout="0" aborted="0" inconclusive="0" passedButRunAborted="0" notRunnable="0" notExecuted="0" disconnected="0" warning="0" completed="0" inProgress="0" pending="0" />
  </ResultSummary>
  <TestDefinitions>
    <UnitTest name="Test_ThemBan_ThemKhongDuocKhiNhapQuaGioiHanSucChua" storage="c:\users\dat\desktop\quanlycafe_ver2.0\unittest\bin\debug\unittest.dll" id="c9c26d72-52d8-5a7b-d4d5-60cc4b5a1f39">
      <Execution id="dc9040e8-1388-431e-8c98-d7be58cecc65" />
      <TestMethod codeBase="C:/Users/Dat/Desktop/QuanLyCafe_ver2.0/UnitTest/bin/Debug/UnitTest.DLL" adapterTypeName="Microsoft.VisualStudio.TestTools.TestTypes.Unit.UnitTestAdapter, Microsoft.VisualStudio.QualityTools.Tips.UnitTest.Adapter, Version=10.0.0.0, Culture=neutral, PublicKeyToken=b03f5f7f11d50a3a" className="UnitTest.Test_DSBan, UnitTest, Version=1.0.0.0, Culture=neutral, PublicKeyToken=null" name="Test_ThemBan_ThemKhongDuocKhiNhapQuaGioiHanSucChua" />
    </UnitTest>
  </TestDefinitions>
  <TestLists>
    <TestList name="Results Not in a List" id="8c84fa94-04c1-424b-9868-57a2d4851a1d" />
    <TestList name="All Loaded Results" id="19431567-8539-422a-85d7-44ee4e166bda" />
  </TestLists>
  <TestEntries>
    <TestEntry testId="c9c26d72-52d8-5a7b-d4d5-60cc4b5a1f39" executionId="dc9040e8-1388-431e-8c98-d7be58cecc65" testListId="8c84fa94-04c1-424b-9868-57a2d4851a1d" />
  </TestEntries>
  <Results>
    <UnitTestResult executionId="dc9040e8-1388-431e-8c98-d7be58cecc65" testId="c9c26d72-52d8-5a7b-d4d5-60cc4b5a1f39" testName="Test_ThemBan_ThemKhongDuocKhiNhapQuaGioiHanSucChua" computerName="DAT" duration="00:00:00.0158789" startTime="2019-11-17T16:19:07.1300196+07:00" endTime="2019-11-17T16:19:07.3514290+07:00" testType="13cdc9d9-ddb5-4fa4-a97d-d965ccfc6d4b" outcome="Passed" testListId="8c84fa94-04c1-424b-9868-57a2d4851a1d" relativeResultsDirectory="dc9040e8-1388-431e-8c98-d7be58cecc65">
    </UnitTestResult>
  </Results>
</TestRun>