<?xml version="1.0" encoding="UTF-8"?>
<TestRun id="9675566c-7260-4813-ada5-fc0c5239e0eb" name="Dat@DAT 2019-11-16 22:04:14" runUser="DAT\Dat" xmlns="http://microsoft.com/schemas/VisualStudio/TeamTest/2010">
  <TestSettings name="Local" id="ac1e801b-a157-4743-b81a-14bced406d4b">
    <Description>These are default test settings for a local test run.</Description>
    <Deployment enabled="false" runDeploymentRoot="Dat_DAT 2019-11-16 22_04_14">
      <DeploymentItem filename="C:\Users\Dat\Desktop\New folder (2)\QuanLyCafe\bin\Debug\[KTPM]QuanLyCafe.exe" />
    </Deployment>
    <Execution>
      <TestTypeSpecific />
      <AgentRule name="Execution Agents">
      </AgentRule>
    </Execution>
  </TestSettings>
  <Times creation="2019-11-16T22:04:14.4444046+07:00" queuing="2019-11-16T22:04:14.4917876+07:00" start="2019-11-16T22:04:14.4997668+07:00" finish="2019-11-16T22:04:14.9006948+07:00" />
  <ResultSummary outcome="Completed">
    <Counters total="1" executed="1" passed="1" error="0" failed="0" timeout="0" aborted="0" inconclusive="0" passedButRunAborted="0" notRunnable="0" notExecuted="0" disconnected="0" warning="0" completed="0" inProgress="0" pending="0" />
  </ResultSummary>
  <TestDefinitions>
    <UnitTest name="KiemTraTaiKhoanTest" storage="c:\users\dat\desktop\new folder (2)\quanlycafe\testpm\bin\debug\testpm.dll" id="ead39ae8-0b77-b7eb-b346-5b8b4f2d43b0">
      <Execution id="dd4b4bb4-ac91-4083-b227-0e2c8a615491" />
      <TestMethod codeBase="C:/Users/Dat/Desktop/New folder (2)/QuanLyCafe/TestPM/bin/Debug/TestPM.DLL" adapterTypeName="Microsoft.VisualStudio.TestTools.TestTypes.Unit.UnitTestAdapter, Microsoft.VisualStudio.QualityTools.Tips.UnitTest.Adapter, Version=10.0.0.0, Culture=neutral, PublicKeyToken=b03f5f7f11d50a3a" className="TestPM.DangNhapTest, TestPM, Version=1.0.0.0, Culture=neutral, PublicKeyToken=null" name="KiemTraTaiKhoanTest" />
    </UnitTest>
  </TestDefinitions>
  <TestLists>
    <TestList name="Results Not in a List" id="8c84fa94-04c1-424b-9868-57a2d4851a1d" />
    <TestList name="All Loaded Results" id="19431567-8539-422a-85d7-44ee4e166bda" />
  </TestLists>
  <TestEntries>
    <TestEntry testId="ead39ae8-0b77-b7eb-b346-5b8b4f2d43b0" executionId="dd4b4bb4-ac91-4083-b227-0e2c8a615491" testListId="8c84fa94-04c1-424b-9868-57a2d4851a1d" />
  </TestEntries>
  <Results>
    <UnitTestResult executionId="dd4b4bb4-ac91-4083-b227-0e2c8a615491" testId="ead39ae8-0b77-b7eb-b346-5b8b4f2d43b0" testName="KiemTraTaiKhoanTest" computerName="DAT" duration="00:00:00.0878300" startTime="2019-11-16T22:04:14.5137293+07:00" endTime="2019-11-16T22:04:14.8777559+07:00" testType="13cdc9d9-ddb5-4fa4-a97d-d965ccfc6d4b" outcome="Passed" testListId="8c84fa94-04c1-424b-9868-57a2d4851a1d" relativeResultsDirectory="dd4b4bb4-ac91-4083-b227-0e2c8a615491">
    </UnitTestResult>
  </Results>
</TestRun>