<?xml version="1.0" encoding="UTF-8"?>
<TestRun id="c623db36-0817-4594-942d-4b6406b5f438" name="Dat@DAT 2019-11-16 22:03:52" runUser="DAT\Dat" xmlns="http://microsoft.com/schemas/VisualStudio/TeamTest/2010">
  <TestSettings name="Local" id="ac1e801b-a157-4743-b81a-14bced406d4b">
    <Description>These are default test settings for a local test run.</Description>
    <Deployment enabled="false" runDeploymentRoot="Dat_DAT 2019-11-16 22_03_52">
      <DeploymentItem filename="C:\Users\Dat\Desktop\New folder (2)\QuanLyCafe\bin\Debug\[KTPM]QuanLyCafe.exe" />
    </Deployment>
    <Execution>
      <TestTypeSpecific />
      <AgentRule name="Execution Agents">
      </AgentRule>
    </Execution>
  </TestSettings>
  <Times creation="2019-11-16T22:03:52.2606043+07:00" queuing="2019-11-16T22:03:52.8899496+07:00" start="2019-11-16T22:03:53.0594951+07:00" finish="2019-11-16T22:03:55.1804544+07:00" />
  <ResultSummary outcome="Inconclusive">
    <Counters total="1" executed="1" error="0" failed="0" timeout="0" aborted="0" inconclusive="1" passedButRunAborted="0" notRunnable="0" notExecuted="0" disconnected="0" warning="0" passed="0" completed="0" inProgress="0" pending="0" />
  </ResultSummary>
  <TestDefinitions>
    <UnitTest name="KiemTraTaiKhoanTest" storage="c:\users\dat\desktop\new folder (2)\quanlycafe\testpm\bin\debug\testpm.dll" id="ead39ae8-0b77-b7eb-b346-5b8b4f2d43b0">
      <Execution id="c668f273-f0ff-440c-849a-adeabe2e4eb7" />
      <TestMethod codeBase="C:/Users/Dat/Desktop/New folder (2)/QuanLyCafe/TestPM/bin/Debug/TestPM.DLL" adapterTypeName="Microsoft.VisualStudio.TestTools.TestTypes.Unit.UnitTestAdapter, Microsoft.VisualStudio.QualityTools.Tips.UnitTest.Adapter, Version=10.0.0.0, Culture=neutral, PublicKeyToken=b03f5f7f11d50a3a" className="TestPM.DangNhapTest, TestPM, Version=1.0.0.0, Culture=neutral, PublicKeyToken=null" name="KiemTraTaiKhoanTest" />
    </UnitTest>
  </TestDefinitions>
  <TestLists>
    <TestList name="Results Not in a List" id="8c84fa94-04c1-424b-9868-57a2d4851a1d" />
    <TestList name="All Loaded Results" id="19431567-8539-422a-85d7-44ee4e166bda" />
  </TestLists>
  <TestEntries>
    <TestEntry testId="ead39ae8-0b77-b7eb-b346-5b8b4f2d43b0" executionId="c668f273-f0ff-440c-849a-adeabe2e4eb7" testListId="8c84fa94-04c1-424b-9868-57a2d4851a1d" />
  </TestEntries>
  <Results>
    <UnitTestResult executionId="c668f273-f0ff-440c-849a-adeabe2e4eb7" testId="ead39ae8-0b77-b7eb-b346-5b8b4f2d43b0" testName="KiemTraTaiKhoanTest" computerName="DAT" duration="00:00:00.1830642" startTime="2019-11-16T22:03:53.1203327+07:00" endTime="2019-11-16T22:03:53.5861047+07:00" testType="13cdc9d9-ddb5-4fa4-a97d-d965ccfc6d4b" outcome="Inconclusive" testListId="8c84fa94-04c1-424b-9868-57a2d4851a1d" relativeResultsDirectory="c668f273-f0ff-440c-849a-adeabe2e4eb7">
      <Output>
        <ErrorInfo>
          <Message>Assert.Inconclusive failed. Verify the correctness of this test method.</Message>
          <StackTrace>   at TestPM.DangNhapTest.KiemTraTaiKhoanTest() in C:\Users\Dat\Desktop\New folder (2)\QuanLyCafe\TestPM\DangNhapTest.cs:line 80
</StackTrace>
        </ErrorInfo>
      </Output>
    </UnitTestResult>
  </Results>
</TestRun>