<?xml version="1.0" encoding="UTF-8"?>
<TestRun id="abc1042f-9c94-4e80-bb5a-ee9d9d10bacd" name="Dat@DAT 2019-11-17 15:28:39" runUser="DAT\Dat" xmlns="http://microsoft.com/schemas/VisualStudio/TeamTest/2010">
  <TestSettings name="Local" id="ac1e801b-a157-4743-b81a-14bced406d4b">
    <Description>These are default test settings for a local test run.</Description>
    <Deployment enabled="false" runDeploymentRoot="Dat_DAT 2019-11-17 15_28_39">
      <DeploymentItem filename="C:\Users\Dat\Desktop\QuanLyCafe_ver2.0\bin\Debug\[KTPM]QuanLyCafe.exe" />
    </Deployment>
    <Execution>
      <TestTypeSpecific />
      <AgentRule name="Execution Agents">
      </AgentRule>
    </Execution>
  </TestSettings>
  <Times creation="2019-11-17T15:28:39.9581573+07:00" queuing="2019-11-17T15:28:39.9940606+07:00" start="2019-11-17T15:28:39.9990468+07:00" finish="2019-11-17T15:28:40.2822901+07:00" />
  <ResultSummary outcome="Failed">
    <Counters total="1" executed="1" error="0" failed="1" timeout="0" aborted="0" inconclusive="0" passedButRunAborted="0" notRunnable="0" notExecuted="0" disconnected="0" warning="0" passed="0" completed="0" inProgress="0" pending="0" />
  </ResultSummary>
  <TestDefinitions>
    <UnitTest name="Test_KiemTraSucChua_Dung" storage="c:\users\dat\desktop\quanlycafe_ver2.0\unittest\bin\debug\unittest.dll" id="706c525f-a63b-2ace-e558-1aa04df5541f">
      <Execution id="c98f08c3-17bd-49ac-aaaa-0cfdc670c090" />
      <TestMethod codeBase="C:/Users/Dat/Desktop/QuanLyCafe_ver2.0/UnitTest/bin/Debug/UnitTest.DLL" adapterTypeName="Microsoft.VisualStudio.TestTools.TestTypes.Unit.UnitTestAdapter, Microsoft.VisualStudio.QualityTools.Tips.UnitTest.Adapter, Version=10.0.0.0, Culture=neutral, PublicKeyToken=b03f5f7f11d50a3a" className="UnitTest.Test_Ban, UnitTest, Version=1.0.0.0, Culture=neutral, PublicKeyToken=null" name="Test_KiemTraSucChua_Dung" />
    </UnitTest>
  </TestDefinitions>
  <TestLists>
    <TestList name="Results Not in a List" id="8c84fa94-04c1-424b-9868-57a2d4851a1d" />
    <TestList name="All Loaded Results" id="19431567-8539-422a-85d7-44ee4e166bda" />
  </TestLists>
  <TestEntries>
    <TestEntry testId="706c525f-a63b-2ace-e558-1aa04df5541f" executionId="c98f08c3-17bd-49ac-aaaa-0cfdc670c090" testListId="8c84fa94-04c1-424b-9868-57a2d4851a1d" />
  </TestEntries>
  <Results>
    <UnitTestResult executionId="c98f08c3-17bd-49ac-aaaa-0cfdc670c090" testId="706c525f-a63b-2ace-e558-1aa04df5541f" testName="Test_KiemTraSucChua_Dung" computerName="DAT" duration="00:00:00.0575739" startTime="2019-11-17T15:28:40.0090202+07:00" endTime="2019-11-17T15:28:40.2643374+07:00" testType="13cdc9d9-ddb5-4fa4-a97d-d965ccfc6d4b" outcome="Failed" testListId="8c84fa94-04c1-424b-9868-57a2d4851a1d" relativeResultsDirectory="c98f08c3-17bd-49ac-aaaa-0cfdc670c090">
      <Output>
        <ErrorInfo>
          <Message>Assert.AreEqual failed. Expected:&lt;True (System.Boolean)&gt;. Actual:&lt;15 (System.Int32)&gt;. </Message>
          <StackTrace>   at UnitTest.Test_Ban.Test_KiemTraSucChua_Dung() in C:\Users\Dat\Desktop\QuanLyCafe_ver2.0\UnitTest\Test_Ban.cs:line 60
</StackTrace>
        </ErrorInfo>
      </Output>
    </UnitTestResult>
  </Results>
</TestRun>