<?xml version="1.0" encoding="UTF-8"?>
<TestRun id="ec248193-5515-480b-a6db-4c3e3f78f6c1" name="Dat@DAT 2019-11-17 22:35:10" runUser="DAT\Dat" xmlns="http://microsoft.com/schemas/VisualStudio/TeamTest/2010">
  <TestSettings name="Local" id="ac1e801b-a157-4743-b81a-14bced406d4b">
    <Description>These are default test settings for a local test run.</Description>
    <Deployment enabled="false" runDeploymentRoot="Dat_DAT 2019-11-17 22_35_10">
      <DeploymentItem filename="C:\Users\Dat\Desktop\QuanLyCafe_ver2.0\bin\Debug\[KTPM]QuanLyCafe.exe" />
    </Deployment>
    <Execution>
      <TestTypeSpecific />
      <AgentRule name="Execution Agents">
      </AgentRule>
    </Execution>
  </TestSettings>
  <Times creation="2019-11-17T22:35:10.6573320+07:00" queuing="2019-11-17T22:35:10.6962284+07:00" start="2019-11-17T22:35:10.7012148+07:00" finish="2019-11-17T22:35:10.9665060+07:00" />
  <ResultSummary outcome="Completed">
    <Counters total="1" executed="1" passed="1" error="0" failed="0" timeout="0" aborted="0" inconclusive="0" passedButRunAborted="0" notRunnable="0" notExecuted="0" disconnected="0" warning="0" completed="0" inProgress="0" pending="0" />
  </ResultSummary>
  <TestDefinitions>
    <UnitTest name="DsMonYeuCau_TimDungTheoGiaBan" storage="c:\users\dat\desktop\quanlycafe_ver2.0\unittest\bin\debug\unittest.dll" id="29b55110-f978-ad0a-d918-08fa6855787f">
      <Execution id="bf5916e2-cb03-4d92-867d-81b3014ce608" />
      <TestMethod codeBase="C:/Users/Dat/Desktop/QuanLyCafe_ver2.0/UnitTest/bin/Debug/UnitTest.DLL" adapterTypeName="Microsoft.VisualStudio.TestTools.TestTypes.Unit.UnitTestAdapter, Microsoft.VisualStudio.QualityTools.Tips.UnitTest.Adapter, Version=10.0.0.0, Culture=neutral, PublicKeyToken=b03f5f7f11d50a3a" className="UnitTest.Test_DSMon, UnitTest, Version=1.0.0.0, Culture=neutral, PublicKeyToken=null" name="DsMonYeuCau_TimDungTheoGiaBan" />
    </UnitTest>
  </TestDefinitions>
  <TestLists>
    <TestList name="Results Not in a List" id="8c84fa94-04c1-424b-9868-57a2d4851a1d" />
    <TestList name="All Loaded Results" id="19431567-8539-422a-85d7-44ee4e166bda" />
  </TestLists>
  <TestEntries>
    <TestEntry testId="29b55110-f978-ad0a-d918-08fa6855787f" executionId="bf5916e2-cb03-4d92-867d-81b3014ce608" testListId="8c84fa94-04c1-424b-9868-57a2d4851a1d" />
  </TestEntries>
  <Results>
    <UnitTestResult executionId="bf5916e2-cb03-4d92-867d-81b3014ce608" testId="29b55110-f978-ad0a-d918-08fa6855787f" testName="DsMonYeuCau_TimDungTheoGiaBan" computerName="DAT" duration="00:00:00.0176191" startTime="2019-11-17T22:35:10.7151786+07:00" endTime="2019-11-17T22:35:10.9455617+07:00" testType="13cdc9d9-ddb5-4fa4-a97d-d965ccfc6d4b" outcome="Passed" testListId="8c84fa94-04c1-424b-9868-57a2d4851a1d" relativeResultsDirectory="bf5916e2-cb03-4d92-867d-81b3014ce608">
    </UnitTestResult>
  </Results>
</TestRun>