<?xml version="1.0" encoding="UTF-8"?>
<TestRun id="8b0101d7-02a6-4b57-88df-a46757ae98c7" name="Dat@DAT 2019-11-17 22:36:15" runUser="DAT\Dat" xmlns="http://microsoft.com/schemas/VisualStudio/TeamTest/2010">
  <TestSettings name="Local" id="ac1e801b-a157-4743-b81a-14bced406d4b">
    <Description>These are default test settings for a local test run.</Description>
    <Deployment enabled="false" runDeploymentRoot="Dat_DAT 2019-11-17 22_36_15">
      <DeploymentItem filename="C:\Users\Dat\Desktop\QuanLyCafe_ver2.0\bin\Debug\[KTPM]QuanLyCafe.exe" />
    </Deployment>
    <Execution>
      <TestTypeSpecific />
      <AgentRule name="Execution Agents">
      </AgentRule>
    </Execution>
  </TestSettings>
  <Times creation="2019-11-17T22:36:15.3660841+07:00" queuing="2019-11-17T22:36:15.4264354+07:00" start="2019-11-17T22:36:15.4493749+07:00" finish="2019-11-17T22:36:22.9281720+07:00" />
  <ResultSummary outcome="Failed">
    <Counters total="50" executed="50" passed="48" error="0" failed="2" timeout="0" aborted="0" inconclusive="0" passedButRunAborted="0" notRunnable="0" notExecuted="0" disconnected="0" warning="0" completed="0" inProgress="0" pending="0" />
  </ResultSummary>
  <TestDefinitions>
    <UnitTest name="KiemTraTinhTrangBan_BanTrong" storage="c:\users\dat\desktop\quanlycafe_ver2.0\unittest\bin\debug\unittest.dll" id="3df2cd00-3c06-f507-5b91-3e8795b36070">
      <Execution id="74ec0dd0-7e25-4dbe-b661-0c24b741d704" />
      <TestMethod codeBase="C:/Users/Dat/Desktop/QuanLyCafe_ver2.0/UnitTest/bin/Debug/UnitTest.DLL" adapterTypeName="Microsoft.VisualStudio.TestTools.TestTypes.Unit.UnitTestAdapter, Microsoft.VisualStudio.QualityTools.Tips.UnitTest.Adapter, Version=10.0.0.0, Culture=neutral, PublicKeyToken=b03f5f7f11d50a3a" className="UnitTest.Test_DSBan, UnitTest, Version=1.0.0.0, Culture=neutral, PublicKeyToken=null" name="KiemTraTinhTrangBan_BanTrong" />
    </UnitTest>
    <UnitTest name="TimBan_NhapMaBanDuongKhongTonTai" storage="c:\users\dat\desktop\quanlycafe_ver2.0\unittest\bin\debug\unittest.dll" id="5504126a-2122-ce4e-bafd-431766aad126">
      <Execution id="96ef3869-c131-4e79-a187-d77acfac68d5" />
      <TestMethod codeBase="C:/Users/Dat/Desktop/QuanLyCafe_ver2.0/UnitTest/bin/Debug/UnitTest.DLL" adapterTypeName="Microsoft.VisualStudio.TestTools.TestTypes.Unit.UnitTestAdapter, Microsoft.VisualStudio.QualityTools.Tips.UnitTest.Adapter, Version=10.0.0.0, Culture=neutral, PublicKeyToken=b03f5f7f11d50a3a" className="UnitTest.Test_DSBan, UnitTest, Version=1.0.0.0, Culture=neutral, PublicKeyToken=null" name="TimBan_NhapMaBanDuongKhongTonTai" />
    </UnitTest>
    <UnitTest name="Test_ThuNgan2" storage="c:\users\dat\desktop\quanlycafe_ver2.0\unittest\bin\debug\unittest.dll" id="70305cc4-5d92-51bd-09e0-b5bbf19b5f6d">
      <Execution id="1e3c4f63-a3d9-43c5-9a80-ecf9813eaabe" />
      <TestMethod codeBase="C:/Users/Dat/Desktop/QuanLyCafe_ver2.0/UnitTest/bin/Debug/UnitTest.DLL" adapterTypeName="Microsoft.VisualStudio.TestTools.TestTypes.Unit.UnitTestAdapter, Microsoft.VisualStudio.QualityTools.Tips.UnitTest.Adapter, Version=10.0.0.0, Culture=neutral, PublicKeyToken=b03f5f7f11d50a3a" className="Test_QuanLyCafe.Test_DangNhap, UnitTest, Version=1.0.0.0, Culture=neutral, PublicKeyToken=null" name="Test_ThuNgan2" />
    </UnitTest>
    <UnitTest name="ThemMon_ThemMonThanhCong" storage="c:\users\dat\desktop\quanlycafe_ver2.0\unittest\bin\debug\unittest.dll" id="dc81981a-f73c-8a4c-f49c-d4ec530797c7">
      <Execution id="4d3482f2-7aa6-42c7-9ca2-c898c8948ff6" />
      <TestMethod codeBase="C:/Users/Dat/Desktop/QuanLyCafe_ver2.0/UnitTest/bin/Debug/UnitTest.DLL" adapterTypeName="Microsoft.VisualStudio.TestTools.TestTypes.Unit.UnitTestAdapter, Microsoft.VisualStudio.QualityTools.Tips.UnitTest.Adapter, Version=10.0.0.0, Culture=neutral, PublicKeyToken=b03f5f7f11d50a3a" className="UnitTest.Test_DSMon, UnitTest, Version=1.0.0.0, Culture=neutral, PublicKeyToken=null" name="ThemMon_ThemMonThanhCong" />
    </UnitTest>
    <UnitTest name="Test_QuanTri1" storage="c:\users\dat\desktop\quanlycafe_ver2.0\unittest\bin\debug\unittest.dll" id="fc80d0d6-d4f8-0082-3d0a-79f3560d90f5">
      <Execution id="499a75a1-0cd3-47e7-951a-0efd6284f17c" />
      <TestMethod codeBase="C:/Users/Dat/Desktop/QuanLyCafe_ver2.0/UnitTest/bin/Debug/UnitTest.DLL" adapterTypeName="Microsoft.VisualStudio.TestTools.TestTypes.Unit.UnitTestAdapter, Microsoft.VisualStudio.QualityTools.Tips.UnitTest.Adapter, Version=10.0.0.0, Culture=neutral, PublicKeyToken=b03f5f7f11d50a3a" className="Test_QuanLyCafe.Test_DangNhap, UnitTest, Version=1.0.0.0, Culture=neutral, PublicKeyToken=null" name="Test_QuanTri1" />
    </UnitTest>
    <UnitTest name="Test_KiemTraHoaDonDaThanhToan" storage="c:\users\dat\desktop\quanlycafe_ver2.0\unittest\bin\debug\unittest.dll" id="e9f15037-3b94-ca0a-e260-6e2c6d3560db">
      <Execution id="4a3f0a07-1f94-4778-98d0-aaeb8a42b34e" />
      <TestMethod codeBase="C:/Users/Dat/Desktop/QuanLyCafe_ver2.0/UnitTest/bin/Debug/UnitTest.DLL" adapterTypeName="Microsoft.VisualStudio.TestTools.TestTypes.Unit.UnitTestAdapter, Microsoft.VisualStudio.QualityTools.Tips.UnitTest.Adapter, Version=10.0.0.0, Culture=neutral, PublicKeyToken=b03f5f7f11d50a3a" className="Testing.UnitTests.Test_QuanLyHoaDon, UnitTest, Version=1.0.0.0, Culture=neutral, PublicKeyToken=null" name="Test_KiemTraHoaDonDaThanhToan" />
    </UnitTest>
    <UnitTest name="Test_SoSanh_Nhohon" storage="c:\users\dat\desktop\quanlycafe_ver2.0\unittest\bin\debug\unittest.dll" id="7a329a4c-3fdd-f31c-cc7e-a6a492b374d4">
      <Execution id="1a8a7534-cdf7-4692-aa61-4cde95b25640" />
      <TestMethod codeBase="C:/Users/Dat/Desktop/QuanLyCafe_ver2.0/UnitTest/bin/Debug/UnitTest.DLL" adapterTypeName="Microsoft.VisualStudio.TestTools.TestTypes.Unit.UnitTestAdapter, Microsoft.VisualStudio.QualityTools.Tips.UnitTest.Adapter, Version=10.0.0.0, Culture=neutral, PublicKeyToken=b03f5f7f11d50a3a" className="UnitTest.Test_Ban, UnitTest, Version=1.0.0.0, Culture=neutral, PublicKeyToken=null" name="Test_SoSanh_Nhohon" />
    </UnitTest>
    <UnitTest name="KiemTraTenMonTrung_NhapTenKhongTrung" storage="c:\users\dat\desktop\quanlycafe_ver2.0\unittest\bin\debug\unittest.dll" id="06b8123c-7d1f-8bac-45a7-799067530aab">
      <Execution id="31769daf-5593-4d91-89b5-d5d953330d8c" />
      <TestMethod codeBase="C:/Users/Dat/Desktop/QuanLyCafe_ver2.0/UnitTest/bin/Debug/UnitTest.DLL" adapterTypeName="Microsoft.VisualStudio.TestTools.TestTypes.Unit.UnitTestAdapter, Microsoft.VisualStudio.QualityTools.Tips.UnitTest.Adapter, Version=10.0.0.0, Culture=neutral, PublicKeyToken=b03f5f7f11d50a3a" className="UnitTest.Test_DSMon, UnitTest, Version=1.0.0.0, Culture=neutral, PublicKeyToken=null" name="KiemTraTenMonTrung_NhapTenKhongTrung" />
    </UnitTest>
    <UnitTest name="KiemTraTinhTrangBan_MaBanKhongCo" storage="c:\users\dat\desktop\quanlycafe_ver2.0\unittest\bin\debug\unittest.dll" id="40a6ab72-818f-8bc3-5813-298d696cfecc">
      <Execution id="4d0b013a-b0f2-4e27-a157-db5955805f5d" />
      <TestMethod codeBase="C:/Users/Dat/Desktop/QuanLyCafe_ver2.0/UnitTest/bin/Debug/UnitTest.DLL" adapterTypeName="Microsoft.VisualStudio.TestTools.TestTypes.Unit.UnitTestAdapter, Microsoft.VisualStudio.QualityTools.Tips.UnitTest.Adapter, Version=10.0.0.0, Culture=neutral, PublicKeyToken=b03f5f7f11d50a3a" className="UnitTest.Test_DSBan, UnitTest, Version=1.0.0.0, Culture=neutral, PublicKeyToken=null" name="KiemTraTinhTrangBan_MaBanKhongCo" />
    </UnitTest>
    <UnitTest name="Test_KiemTraHoaDonDaThanhToan1" storage="c:\users\dat\desktop\quanlycafe_ver2.0\unittest\bin\debug\unittest.dll" id="f93f9ba7-60db-4d30-e04f-0ae6bb772115">
      <Execution id="af2bdbf7-50de-47cb-98d4-ee2d6d5e8f5b" />
      <TestMethod codeBase="C:/Users/Dat/Desktop/QuanLyCafe_ver2.0/UnitTest/bin/Debug/UnitTest.DLL" adapterTypeName="Microsoft.VisualStudio.TestTools.TestTypes.Unit.UnitTestAdapter, Microsoft.VisualStudio.QualityTools.Tips.UnitTest.Adapter, Version=10.0.0.0, Culture=neutral, PublicKeyToken=b03f5f7f11d50a3a" className="Testing.UnitTests.Test_QuanLyHoaDon, UnitTest, Version=1.0.0.0, Culture=neutral, PublicKeyToken=null" name="Test_KiemTraHoaDonDaThanhToan1" />
    </UnitTest>
    <UnitTest name="TimMon_TimThay" storage="c:\users\dat\desktop\quanlycafe_ver2.0\unittest\bin\debug\unittest.dll" id="65708783-9de6-538d-05b5-3f6cd931e7a4">
      <Execution id="7a6317f1-5c67-4d50-bf7f-0883c8b54625" />
      <TestMethod codeBase="C:/Users/Dat/Desktop/QuanLyCafe_ver2.0/UnitTest/bin/Debug/UnitTest.DLL" adapterTypeName="Microsoft.VisualStudio.TestTools.TestTypes.Unit.UnitTestAdapter, Microsoft.VisualStudio.QualityTools.Tips.UnitTest.Adapter, Version=10.0.0.0, Culture=neutral, PublicKeyToken=b03f5f7f11d50a3a" className="UnitTest.Test_DSMon, UnitTest, Version=1.0.0.0, Culture=neutral, PublicKeyToken=null" name="TimMon_TimThay" />
    </UnitTest>
    <UnitTest name="ThemBan_NhapDungSucChua" storage="c:\users\dat\desktop\quanlycafe_ver2.0\unittest\bin\debug\unittest.dll" id="f3bd33ba-840c-ef80-6ee1-67effc662fd1">
      <Execution id="a7e3d70b-227a-4b4e-b499-16959669d2de" />
      <TestMethod codeBase="C:/Users/Dat/Desktop/QuanLyCafe_ver2.0/UnitTest/bin/Debug/UnitTest.DLL" adapterTypeName="Microsoft.VisualStudio.TestTools.TestTypes.Unit.UnitTestAdapter, Microsoft.VisualStudio.QualityTools.Tips.UnitTest.Adapter, Version=10.0.0.0, Culture=neutral, PublicKeyToken=b03f5f7f11d50a3a" className="UnitTest.Test_DSBan, UnitTest, Version=1.0.0.0, Culture=neutral, PublicKeyToken=null" name="ThemBan_NhapDungSucChua" />
    </UnitTest>
    <UnitTest name="CapNhat_CapNhatGiaMon" storage="c:\users\dat\desktop\quanlycafe_ver2.0\unittest\bin\debug\unittest.dll" id="0e315cd6-bf1a-28c8-1808-19e15ee2bdbb">
      <Execution id="1d811329-4239-4dea-ad4f-d70c1c7aef3a" />
      <TestMethod codeBase="C:/Users/Dat/Desktop/QuanLyCafe_ver2.0/UnitTest/bin/Debug/UnitTest.DLL" adapterTypeName="Microsoft.VisualStudio.TestTools.TestTypes.Unit.UnitTestAdapter, Microsoft.VisualStudio.QualityTools.Tips.UnitTest.Adapter, Version=10.0.0.0, Culture=neutral, PublicKeyToken=b03f5f7f11d50a3a" className="UnitTest.Test_DSMon, UnitTest, Version=1.0.0.0, Culture=neutral, PublicKeyToken=null" name="CapNhat_CapNhatGiaMon" />
    </UnitTest>
    <UnitTest name="SoSanh_BangNhau" storage="c:\users\dat\desktop\quanlycafe_ver2.0\unittest\bin\debug\unittest.dll" id="58fe1980-0c32-dcdf-eb1d-cd3bc8ff9413">
      <Execution id="fe49f63c-9b03-45b6-b644-50debbfd5f23" />
      <TestMethod codeBase="C:/Users/Dat/Desktop/QuanLyCafe_ver2.0/UnitTest/bin/Debug/UnitTest.DLL" adapterTypeName="Microsoft.VisualStudio.TestTools.TestTypes.Unit.UnitTestAdapter, Microsoft.VisualStudio.QualityTools.Tips.UnitTest.Adapter, Version=10.0.0.0, Culture=neutral, PublicKeyToken=b03f5f7f11d50a3a" className="UnitTest.Test_Mon, UnitTest, Version=1.0.0.0, Culture=neutral, PublicKeyToken=null" name="SoSanh_BangNhau" />
    </UnitTest>
    <UnitTest name="Test_ThuNgan3" storage="c:\users\dat\desktop\quanlycafe_ver2.0\unittest\bin\debug\unittest.dll" id="cd564136-a647-1a66-b585-ffdd6091a8e0">
      <Execution id="268f8ea2-36b1-40aa-aacc-20bbcdaeb9b5" />
      <TestMethod codeBase="C:/Users/Dat/Desktop/QuanLyCafe_ver2.0/UnitTest/bin/Debug/UnitTest.DLL" adapterTypeName="Microsoft.VisualStudio.TestTools.TestTypes.Unit.UnitTestAdapter, Microsoft.VisualStudio.QualityTools.Tips.UnitTest.Adapter, Version=10.0.0.0, Culture=neutral, PublicKeyToken=b03f5f7f11d50a3a" className="Test_QuanLyCafe.Test_DangNhap, UnitTest, Version=1.0.0.0, Culture=neutral, PublicKeyToken=null" name="Test_ThuNgan3" />
    </UnitTest>
    <UnitTest name="KiemTraTinhTrangBan_BanDat" storage="c:\users\dat\desktop\quanlycafe_ver2.0\unittest\bin\debug\unittest.dll" id="d9bda122-0024-f101-1aa1-04ff4956f041">
      <Execution id="002e457e-9647-4284-b12d-cb4c4c54c8e4" />
      <TestMethod codeBase="C:/Users/Dat/Desktop/QuanLyCafe_ver2.0/UnitTest/bin/Debug/UnitTest.DLL" adapterTypeName="Microsoft.VisualStudio.TestTools.TestTypes.Unit.UnitTestAdapter, Microsoft.VisualStudio.QualityTools.Tips.UnitTest.Adapter, Version=10.0.0.0, Culture=neutral, PublicKeyToken=b03f5f7f11d50a3a" className="UnitTest.Test_DSBan, UnitTest, Version=1.0.0.0, Culture=neutral, PublicKeyToken=null" name="KiemTraTinhTrangBan_BanDat" />
    </UnitTest>
    <UnitTest name="ThemBan_MaBanChenDau" storage="c:\users\dat\desktop\quanlycafe_ver2.0\unittest\bin\debug\unittest.dll" id="8df1f0d5-e7c9-1bb5-cca9-5dad03172cdc">
      <Execution id="461bde63-6e34-4748-b06e-b322ba0f3707" />
      <TestMethod codeBase="C:/Users/Dat/Desktop/QuanLyCafe_ver2.0/UnitTest/bin/Debug/UnitTest.DLL" adapterTypeName="Microsoft.VisualStudio.TestTools.TestTypes.Unit.UnitTestAdapter, Microsoft.VisualStudio.QualityTools.Tips.UnitTest.Adapter, Version=10.0.0.0, Culture=neutral, PublicKeyToken=b03f5f7f11d50a3a" className="UnitTest.Test_DSBan, UnitTest, Version=1.0.0.0, Culture=neutral, PublicKeyToken=null" name="ThemBan_MaBanChenDau" />
    </UnitTest>
    <UnitTest name="DsMonYeuCau_TimDungTheoGiaBan" storage="c:\users\dat\desktop\quanlycafe_ver2.0\unittest\bin\debug\unittest.dll" id="29b55110-f978-ad0a-d918-08fa6855787f">
      <Execution id="e953fa53-10aa-4eb0-99be-10b16340ea67" />
      <TestMethod codeBase="C:/Users/Dat/Desktop/QuanLyCafe_ver2.0/UnitTest/bin/Debug/UnitTest.DLL" adapterTypeName="Microsoft.VisualStudio.TestTools.TestTypes.Unit.UnitTestAdapter, Microsoft.VisualStudio.QualityTools.Tips.UnitTest.Adapter, Version=10.0.0.0, Culture=neutral, PublicKeyToken=b03f5f7f11d50a3a" className="UnitTest.Test_DSMon, UnitTest, Version=1.0.0.0, Culture=neutral, PublicKeyToken=null" name="DsMonYeuCau_TimDungTheoGiaBan" />
    </UnitTest>
    <UnitTest name="ThemBan_NhapQuaGioiHanSucChua21" storage="c:\users\dat\desktop\quanlycafe_ver2.0\unittest\bin\debug\unittest.dll" id="ded5ed6a-e441-abca-4d62-7c235a5a457a">
      <Execution id="8f72bbe8-c28f-4655-8902-8daba0f65b71" />
      <TestMethod codeBase="C:/Users/Dat/Desktop/QuanLyCafe_ver2.0/UnitTest/bin/Debug/UnitTest.DLL" adapterTypeName="Microsoft.VisualStudio.TestTools.TestTypes.Unit.UnitTestAdapter, Microsoft.VisualStudio.QualityTools.Tips.UnitTest.Adapter, Version=10.0.0.0, Culture=neutral, PublicKeyToken=b03f5f7f11d50a3a" className="UnitTest.Test_DSBan, UnitTest, Version=1.0.0.0, Culture=neutral, PublicKeyToken=null" name="ThemBan_NhapQuaGioiHanSucChua21" />
    </UnitTest>
    <UnitTest name="Test_KiemTraMonDaTonTai" storage="c:\users\dat\desktop\quanlycafe_ver2.0\unittest\bin\debug\unittest.dll" id="229f5429-457c-9561-2e80-0fa00cb9dcfc">
      <Execution id="aaa7ed55-d961-49b8-982f-dc08e975ae2a" />
      <TestMethod codeBase="C:/Users/Dat/Desktop/QuanLyCafe_ver2.0/UnitTest/bin/Debug/UnitTest.DLL" adapterTypeName="Microsoft.VisualStudio.TestTools.TestTypes.Unit.UnitTestAdapter, Microsoft.VisualStudio.QualityTools.Tips.UnitTest.Adapter, Version=10.0.0.0, Culture=neutral, PublicKeyToken=b03f5f7f11d50a3a" className="Testing.UnitTests.Test_QuanLyHoaDon, UnitTest, Version=1.0.0.0, Culture=neutral, PublicKeyToken=null" name="Test_KiemTraMonDaTonTai" />
    </UnitTest>
    <UnitTest name="ThemMon_ThemMonBiTrungTen" storage="c:\users\dat\desktop\quanlycafe_ver2.0\unittest\bin\debug\unittest.dll" id="3d468620-0cac-8c97-9153-a437aaca892c">
      <Execution id="5eea6d0d-7fed-482a-b65c-aa4eb744db3c" />
      <TestMethod codeBase="C:/Users/Dat/Desktop/QuanLyCafe_ver2.0/UnitTest/bin/Debug/UnitTest.DLL" adapterTypeName="Microsoft.VisualStudio.TestTools.TestTypes.Unit.UnitTestAdapter, Microsoft.VisualStudio.QualityTools.Tips.UnitTest.Adapter, Version=10.0.0.0, Culture=neutral, PublicKeyToken=b03f5f7f11d50a3a" className="UnitTest.Test_DSMon, UnitTest, Version=1.0.0.0, Culture=neutral, PublicKeyToken=null" name="ThemMon_ThemMonBiTrungTen" />
    </UnitTest>
    <UnitTest name="TimBan_NhapMaBanAm" storage="c:\users\dat\desktop\quanlycafe_ver2.0\unittest\bin\debug\unittest.dll" id="5ba2c898-8860-a02e-ab1a-357c6bf4f222">
      <Execution id="0edc8c84-fddc-4736-84e4-17c42ed5865c" />
      <TestMethod codeBase="C:/Users/Dat/Desktop/QuanLyCafe_ver2.0/UnitTest/bin/Debug/UnitTest.DLL" adapterTypeName="Microsoft.VisualStudio.TestTools.TestTypes.Unit.UnitTestAdapter, Microsoft.VisualStudio.QualityTools.Tips.UnitTest.Adapter, Version=10.0.0.0, Culture=neutral, PublicKeyToken=b03f5f7f11d50a3a" className="UnitTest.Test_DSBan, UnitTest, Version=1.0.0.0, Culture=neutral, PublicKeyToken=null" name="TimBan_NhapMaBanAm" />
    </UnitTest>
    <UnitTest name="Test_KiemTraTinhTrangBan" storage="c:\users\dat\desktop\quanlycafe_ver2.0\unittest\bin\debug\unittest.dll" id="c234d1f5-618a-9344-50a8-0c8365dbbca6">
      <Execution id="b89fddcf-ad76-423f-8bd2-9b187fc61a95" />
      <TestMethod codeBase="C:/Users/Dat/Desktop/QuanLyCafe_ver2.0/UnitTest/bin/Debug/UnitTest.DLL" adapterTypeName="Microsoft.VisualStudio.TestTools.TestTypes.Unit.UnitTestAdapter, Microsoft.VisualStudio.QualityTools.Tips.UnitTest.Adapter, Version=10.0.0.0, Culture=neutral, PublicKeyToken=b03f5f7f11d50a3a" className="Testing.UnitTests.Test_QuanLyHoaDon, UnitTest, Version=1.0.0.0, Culture=neutral, PublicKeyToken=null" name="Test_KiemTraTinhTrangBan" />
    </UnitTest>
    <UnitTest name="CapNhat_CapNhatGhiChuMon" storage="c:\users\dat\desktop\quanlycafe_ver2.0\unittest\bin\debug\unittest.dll" id="e56789c3-c298-c14a-b9d3-f1a84d2f3e8b">
      <Execution id="a31bdc4f-2a2b-400c-8652-34e67800c818" />
      <TestMethod codeBase="C:/Users/Dat/Desktop/QuanLyCafe_ver2.0/UnitTest/bin/Debug/UnitTest.DLL" adapterTypeName="Microsoft.VisualStudio.TestTools.TestTypes.Unit.UnitTestAdapter, Microsoft.VisualStudio.QualityTools.Tips.UnitTest.Adapter, Version=10.0.0.0, Culture=neutral, PublicKeyToken=b03f5f7f11d50a3a" className="UnitTest.Test_DSMon, UnitTest, Version=1.0.0.0, Culture=neutral, PublicKeyToken=null" name="CapNhat_CapNhatGhiChuMon" />
    </UnitTest>
    <UnitTest name="DsMonYeuCau_TimDungTenMon" storage="c:\users\dat\desktop\quanlycafe_ver2.0\unittest\bin\debug\unittest.dll" id="17e42041-4516-a87e-ff03-80180ded590a">
      <Execution id="8f62bc10-8018-4957-9878-4223e6339789" />
      <TestMethod codeBase="C:/Users/Dat/Desktop/QuanLyCafe_ver2.0/UnitTest/bin/Debug/UnitTest.DLL" adapterTypeName="Microsoft.VisualStudio.TestTools.TestTypes.Unit.UnitTestAdapter, Microsoft.VisualStudio.QualityTools.Tips.UnitTest.Adapter, Version=10.0.0.0, Culture=neutral, PublicKeyToken=b03f5f7f11d50a3a" className="UnitTest.Test_DSMon, UnitTest, Version=1.0.0.0, Culture=neutral, PublicKeyToken=null" name="DsMonYeuCau_TimDungTenMon" />
    </UnitTest>
    <UnitTest name="Test_KiemTraSucChua_Dung" storage="c:\users\dat\desktop\quanlycafe_ver2.0\unittest\bin\debug\unittest.dll" id="706c525f-a63b-2ace-e558-1aa04df5541f">
      <Execution id="57bbe2fa-f135-48b5-a259-568e2617c9e7" />
      <TestMethod codeBase="C:/Users/Dat/Desktop/QuanLyCafe_ver2.0/UnitTest/bin/Debug/UnitTest.DLL" adapterTypeName="Microsoft.VisualStudio.TestTools.TestTypes.Unit.UnitTestAdapter, Microsoft.VisualStudio.QualityTools.Tips.UnitTest.Adapter, Version=10.0.0.0, Culture=neutral, PublicKeyToken=b03f5f7f11d50a3a" className="UnitTest.Test_Ban, UnitTest, Version=1.0.0.0, Culture=neutral, PublicKeyToken=null" name="Test_KiemTraSucChua_Dung" />
    </UnitTest>
    <UnitTest name="ThemBan_NhapQuaGioiHanSucChua0" storage="c:\users\dat\desktop\quanlycafe_ver2.0\unittest\bin\debug\unittest.dll" id="384b808a-d506-0c2c-6605-4a7c7e651568">
      <Execution id="762aef83-20b8-426a-a943-445b5aa11c2c" />
      <TestMethod codeBase="C:/Users/Dat/Desktop/QuanLyCafe_ver2.0/UnitTest/bin/Debug/UnitTest.DLL" adapterTypeName="Microsoft.VisualStudio.TestTools.TestTypes.Unit.UnitTestAdapter, Microsoft.VisualStudio.QualityTools.Tips.UnitTest.Adapter, Version=10.0.0.0, Culture=neutral, PublicKeyToken=b03f5f7f11d50a3a" className="UnitTest.Test_DSBan, UnitTest, Version=1.0.0.0, Culture=neutral, PublicKeyToken=null" name="ThemBan_NhapQuaGioiHanSucChua0" />
    </UnitTest>
    <UnitTest name="DsBanTrong_LayDungDSBanTrong" storage="c:\users\dat\desktop\quanlycafe_ver2.0\unittest\bin\debug\unittest.dll" id="3f36fb8e-02a1-e865-afd4-fb0edea3b1f4">
      <Execution id="f42f966d-6688-4e32-837b-e0966b112358" />
      <TestMethod codeBase="C:/Users/Dat/Desktop/QuanLyCafe_ver2.0/UnitTest/bin/Debug/UnitTest.DLL" adapterTypeName="Microsoft.VisualStudio.TestTools.TestTypes.Unit.UnitTestAdapter, Microsoft.VisualStudio.QualityTools.Tips.UnitTest.Adapter, Version=10.0.0.0, Culture=neutral, PublicKeyToken=b03f5f7f11d50a3a" className="UnitTest.Test_DSBan, UnitTest, Version=1.0.0.0, Culture=neutral, PublicKeyToken=null" name="DsBanTrong_LayDungDSBanTrong" />
    </UnitTest>
    <UnitTest name="DsBanDat_LayDungDSBanDat" storage="c:\users\dat\desktop\quanlycafe_ver2.0\unittest\bin\debug\unittest.dll" id="f640cdbc-7682-fa1e-584c-24d33454f385">
      <Execution id="a97e7223-01bd-478f-b326-20690b2a7a3a" />
      <TestMethod codeBase="C:/Users/Dat/Desktop/QuanLyCafe_ver2.0/UnitTest/bin/Debug/UnitTest.DLL" adapterTypeName="Microsoft.VisualStudio.TestTools.TestTypes.Unit.UnitTestAdapter, Microsoft.VisualStudio.QualityTools.Tips.UnitTest.Adapter, Version=10.0.0.0, Culture=neutral, PublicKeyToken=b03f5f7f11d50a3a" className="UnitTest.Test_DSBan, UnitTest, Version=1.0.0.0, Culture=neutral, PublicKeyToken=null" name="DsBanDat_LayDungDSBanDat" />
    </UnitTest>
    <UnitTest name="ThemBan_MaBanChenGiua" storage="c:\users\dat\desktop\quanlycafe_ver2.0\unittest\bin\debug\unittest.dll" id="d154bc88-b8a7-7a70-8ff5-21465ba4fa9c">
      <Execution id="f6f9423f-ca9a-40e7-ad7b-50715c752637" />
      <TestMethod codeBase="C:/Users/Dat/Desktop/QuanLyCafe_ver2.0/UnitTest/bin/Debug/UnitTest.DLL" adapterTypeName="Microsoft.VisualStudio.TestTools.TestTypes.Unit.UnitTestAdapter, Microsoft.VisualStudio.QualityTools.Tips.UnitTest.Adapter, Version=10.0.0.0, Culture=neutral, PublicKeyToken=b03f5f7f11d50a3a" className="UnitTest.Test_DSBan, UnitTest, Version=1.0.0.0, Culture=neutral, PublicKeyToken=null" name="ThemBan_MaBanChenGiua" />
    </UnitTest>
    <UnitTest name="CapNhat_CapNhatTenMon" storage="c:\users\dat\desktop\quanlycafe_ver2.0\unittest\bin\debug\unittest.dll" id="43c154de-a1b3-788a-efb4-c91191131004">
      <Execution id="572da273-a7f3-4d49-aeba-d694d9037a8f" />
      <TestMethod codeBase="C:/Users/Dat/Desktop/QuanLyCafe_ver2.0/UnitTest/bin/Debug/UnitTest.DLL" adapterTypeName="Microsoft.VisualStudio.TestTools.TestTypes.Unit.UnitTestAdapter, Microsoft.VisualStudio.QualityTools.Tips.UnitTest.Adapter, Version=10.0.0.0, Culture=neutral, PublicKeyToken=b03f5f7f11d50a3a" className="UnitTest.Test_DSMon, UnitTest, Version=1.0.0.0, Culture=neutral, PublicKeyToken=null" name="CapNhat_CapNhatTenMon" />
    </UnitTest>
    <UnitTest name="TimBan_Thay" storage="c:\users\dat\desktop\quanlycafe_ver2.0\unittest\bin\debug\unittest.dll" id="39b7264b-ca7f-f90c-59c8-f56672af99b1">
      <Execution id="1102f298-af45-424c-9da7-54e09f0d4a24" />
      <TestMethod codeBase="C:/Users/Dat/Desktop/QuanLyCafe_ver2.0/UnitTest/bin/Debug/UnitTest.DLL" adapterTypeName="Microsoft.VisualStudio.TestTools.TestTypes.Unit.UnitTestAdapter, Microsoft.VisualStudio.QualityTools.Tips.UnitTest.Adapter, Version=10.0.0.0, Culture=neutral, PublicKeyToken=b03f5f7f11d50a3a" className="UnitTest.Test_DSBan, UnitTest, Version=1.0.0.0, Culture=neutral, PublicKeyToken=null" name="TimBan_Thay" />
    </UnitTest>
    <UnitTest name="SoSanh_Nhohon" storage="c:\users\dat\desktop\quanlycafe_ver2.0\unittest\bin\debug\unittest.dll" id="68317eee-7a65-9417-129b-0adfe66804f9">
      <Execution id="70836115-6d2e-4a54-ae84-63f7b44d0583" />
      <TestMethod codeBase="C:/Users/Dat/Desktop/QuanLyCafe_ver2.0/UnitTest/bin/Debug/UnitTest.DLL" adapterTypeName="Microsoft.VisualStudio.TestTools.TestTypes.Unit.UnitTestAdapter, Microsoft.VisualStudio.QualityTools.Tips.UnitTest.Adapter, Version=10.0.0.0, Culture=neutral, PublicKeyToken=b03f5f7f11d50a3a" className="UnitTest.Test_Mon, UnitTest, Version=1.0.0.0, Culture=neutral, PublicKeyToken=null" name="SoSanh_Nhohon" />
    </UnitTest>
    <UnitTest name="Test_QuanTri3" storage="c:\users\dat\desktop\quanlycafe_ver2.0\unittest\bin\debug\unittest.dll" id="3dad8991-c613-c1f9-0cb1-f41532d7eba0">
      <Execution id="80782ec9-ee77-45e0-928c-670a723e20ab" />
      <TestMethod codeBase="C:/Users/Dat/Desktop/QuanLyCafe_ver2.0/UnitTest/bin/Debug/UnitTest.DLL" adapterTypeName="Microsoft.VisualStudio.TestTools.TestTypes.Unit.UnitTestAdapter, Microsoft.VisualStudio.QualityTools.Tips.UnitTest.Adapter, Version=10.0.0.0, Culture=neutral, PublicKeyToken=b03f5f7f11d50a3a" className="Test_QuanLyCafe.Test_DangNhap, UnitTest, Version=1.0.0.0, Culture=neutral, PublicKeyToken=null" name="Test_QuanTri3" />
    </UnitTest>
    <UnitTest name="Test_KiemTraMonDaTonTai1" storage="c:\users\dat\desktop\quanlycafe_ver2.0\unittest\bin\debug\unittest.dll" id="d1321b73-d6c9-1b1c-1641-7dd7bf98b1e3">
      <Execution id="2092251f-d8fd-4355-8bc7-95f9d13c9f9d" />
      <TestMethod codeBase="C:/Users/Dat/Desktop/QuanLyCafe_ver2.0/UnitTest/bin/Debug/UnitTest.DLL" adapterTypeName="Microsoft.VisualStudio.TestTools.TestTypes.Unit.UnitTestAdapter, Microsoft.VisualStudio.QualityTools.Tips.UnitTest.Adapter, Version=10.0.0.0, Culture=neutral, PublicKeyToken=b03f5f7f11d50a3a" className="Testing.UnitTests.Test_QuanLyHoaDon, UnitTest, Version=1.0.0.0, Culture=neutral, PublicKeyToken=null" name="Test_KiemTraMonDaTonTai1" />
    </UnitTest>
    <UnitTest name="DsMonYeuCau_TimDungMaMon" storage="c:\users\dat\desktop\quanlycafe_ver2.0\unittest\bin\debug\unittest.dll" id="001e126a-2f03-a243-a501-c4eb5b80e5b6">
      <Execution id="ca976ccd-1e0a-47e6-99e5-5e2f064cf14d" />
      <TestMethod codeBase="C:/Users/Dat/Desktop/QuanLyCafe_ver2.0/UnitTest/bin/Debug/UnitTest.DLL" adapterTypeName="Microsoft.VisualStudio.TestTools.TestTypes.Unit.UnitTestAdapter, Microsoft.VisualStudio.QualityTools.Tips.UnitTest.Adapter, Version=10.0.0.0, Culture=neutral, PublicKeyToken=b03f5f7f11d50a3a" className="UnitTest.Test_DSMon, UnitTest, Version=1.0.0.0, Culture=neutral, PublicKeyToken=null" name="DsMonYeuCau_TimDungMaMon" />
    </UnitTest>
    <UnitTest name="Test_KiemTraTinhTrangBan1" storage="c:\users\dat\desktop\quanlycafe_ver2.0\unittest\bin\debug\unittest.dll" id="95492612-57b2-66ce-e4ea-287d48f488bb">
      <Execution id="877f7a76-3eb8-4e59-b916-ec405f2201d3" />
      <TestMethod codeBase="C:/Users/Dat/Desktop/QuanLyCafe_ver2.0/UnitTest/bin/Debug/UnitTest.DLL" adapterTypeName="Microsoft.VisualStudio.TestTools.TestTypes.Unit.UnitTestAdapter, Microsoft.VisualStudio.QualityTools.Tips.UnitTest.Adapter, Version=10.0.0.0, Culture=neutral, PublicKeyToken=b03f5f7f11d50a3a" className="Testing.UnitTests.Test_QuanLyHoaDon, UnitTest, Version=1.0.0.0, Culture=neutral, PublicKeyToken=null" name="Test_KiemTraTinhTrangBan1" />
    </UnitTest>
    <UnitTest name="TimMon_NhapMaMonAm" storage="c:\users\dat\desktop\quanlycafe_ver2.0\unittest\bin\debug\unittest.dll" id="c4080441-b38c-51ba-bef3-591104a596b7">
      <Execution id="51b59235-8fe7-4790-89a3-a1d7546004e0" />
      <TestMethod codeBase="C:/Users/Dat/Desktop/QuanLyCafe_ver2.0/UnitTest/bin/Debug/UnitTest.DLL" adapterTypeName="Microsoft.VisualStudio.TestTools.TestTypes.Unit.UnitTestAdapter, Microsoft.VisualStudio.QualityTools.Tips.UnitTest.Adapter, Version=10.0.0.0, Culture=neutral, PublicKeyToken=b03f5f7f11d50a3a" className="UnitTest.Test_DSMon, UnitTest, Version=1.0.0.0, Culture=neutral, PublicKeyToken=null" name="TimMon_NhapMaMonAm" />
    </UnitTest>
    <UnitTest name="SoSanh_LonHon" storage="c:\users\dat\desktop\quanlycafe_ver2.0\unittest\bin\debug\unittest.dll" id="22fdcd41-63c2-79b1-3370-fcdab5527a48">
      <Execution id="6f01942b-57c1-4bf9-b9c4-41bb828d953e" />
      <TestMethod codeBase="C:/Users/Dat/Desktop/QuanLyCafe_ver2.0/UnitTest/bin/Debug/UnitTest.DLL" adapterTypeName="Microsoft.VisualStudio.TestTools.TestTypes.Unit.UnitTestAdapter, Microsoft.VisualStudio.QualityTools.Tips.UnitTest.Adapter, Version=10.0.0.0, Culture=neutral, PublicKeyToken=b03f5f7f11d50a3a" className="UnitTest.Test_Mon, UnitTest, Version=1.0.0.0, Culture=neutral, PublicKeyToken=null" name="SoSanh_LonHon" />
    </UnitTest>
    <UnitTest name="Test_SoSanh_LonHon" storage="c:\users\dat\desktop\quanlycafe_ver2.0\unittest\bin\debug\unittest.dll" id="d9c1ca57-4f3d-61ab-2bd0-8e97c57ef602">
      <Execution id="13aa692c-8118-4e7d-ba17-70c11cfb37cb" />
      <TestMethod codeBase="C:/Users/Dat/Desktop/QuanLyCafe_ver2.0/UnitTest/bin/Debug/UnitTest.DLL" adapterTypeName="Microsoft.VisualStudio.TestTools.TestTypes.Unit.UnitTestAdapter, Microsoft.VisualStudio.QualityTools.Tips.UnitTest.Adapter, Version=10.0.0.0, Culture=neutral, PublicKeyToken=b03f5f7f11d50a3a" className="UnitTest.Test_Ban, UnitTest, Version=1.0.0.0, Culture=neutral, PublicKeyToken=null" name="Test_SoSanh_LonHon" />
    </UnitTest>
    <UnitTest name="Test_ThuNgan1" storage="c:\users\dat\desktop\quanlycafe_ver2.0\unittest\bin\debug\unittest.dll" id="997a3c0b-1986-2d64-a11b-a9fbec68ec27">
      <Execution id="ad63ab25-645b-4252-a17b-3938c0b07baa" />
      <TestMethod codeBase="C:/Users/Dat/Desktop/QuanLyCafe_ver2.0/UnitTest/bin/Debug/UnitTest.DLL" adapterTypeName="Microsoft.VisualStudio.TestTools.TestTypes.Unit.UnitTestAdapter, Microsoft.VisualStudio.QualityTools.Tips.UnitTest.Adapter, Version=10.0.0.0, Culture=neutral, PublicKeyToken=b03f5f7f11d50a3a" className="Test_QuanLyCafe.Test_DangNhap, UnitTest, Version=1.0.0.0, Culture=neutral, PublicKeyToken=null" name="Test_ThuNgan1" />
    </UnitTest>
    <UnitTest name="KiemTraTenMonTrung_NhapTenTrung" storage="c:\users\dat\desktop\quanlycafe_ver2.0\unittest\bin\debug\unittest.dll" id="13ab6e93-5baf-08bc-7cee-b6d4ca43a615">
      <Execution id="df71427a-7181-4bef-8cdf-e0058c177ad9" />
      <TestMethod codeBase="C:/Users/Dat/Desktop/QuanLyCafe_ver2.0/UnitTest/bin/Debug/UnitTest.DLL" adapterTypeName="Microsoft.VisualStudio.TestTools.TestTypes.Unit.UnitTestAdapter, Microsoft.VisualStudio.QualityTools.Tips.UnitTest.Adapter, Version=10.0.0.0, Culture=neutral, PublicKeyToken=b03f5f7f11d50a3a" className="UnitTest.Test_DSMon, UnitTest, Version=1.0.0.0, Culture=neutral, PublicKeyToken=null" name="KiemTraTenMonTrung_NhapTenTrung" />
    </UnitTest>
    <UnitTest name="ThemBan_NhapSucChuaAm" storage="c:\users\dat\desktop\quanlycafe_ver2.0\unittest\bin\debug\unittest.dll" id="d9276523-08ee-3a7b-be05-b0c9880ceb9f">
      <Execution id="398de992-8d7d-42ce-9b2a-2b3cc9fcf460" />
      <TestMethod codeBase="C:/Users/Dat/Desktop/QuanLyCafe_ver2.0/UnitTest/bin/Debug/UnitTest.DLL" adapterTypeName="Microsoft.VisualStudio.TestTools.TestTypes.Unit.UnitTestAdapter, Microsoft.VisualStudio.QualityTools.Tips.UnitTest.Adapter, Version=10.0.0.0, Culture=neutral, PublicKeyToken=b03f5f7f11d50a3a" className="UnitTest.Test_DSBan, UnitTest, Version=1.0.0.0, Culture=neutral, PublicKeyToken=null" name="ThemBan_NhapSucChuaAm" />
    </UnitTest>
    <UnitTest name="Test_QuanTri2" storage="c:\users\dat\desktop\quanlycafe_ver2.0\unittest\bin\debug\unittest.dll" id="7689427c-86a4-42a4-f714-a7a94b8e2669">
      <Execution id="b3767de9-e805-46bb-a396-3cb0e49a2d67" />
      <TestMethod codeBase="C:/Users/Dat/Desktop/QuanLyCafe_ver2.0/UnitTest/bin/Debug/UnitTest.DLL" adapterTypeName="Microsoft.VisualStudio.TestTools.TestTypes.Unit.UnitTestAdapter, Microsoft.VisualStudio.QualityTools.Tips.UnitTest.Adapter, Version=10.0.0.0, Culture=neutral, PublicKeyToken=b03f5f7f11d50a3a" className="Test_QuanLyCafe.Test_DangNhap, UnitTest, Version=1.0.0.0, Culture=neutral, PublicKeyToken=null" name="Test_QuanTri2" />
    </UnitTest>
    <UnitTest name="ThemBan_MaBanChenCuoi" storage="c:\users\dat\desktop\quanlycafe_ver2.0\unittest\bin\debug\unittest.dll" id="7e3dccb6-9d26-926e-5d6e-9e5311be4e07">
      <Execution id="be3b0a61-e6f5-45e4-9290-df74022555ad" />
      <TestMethod codeBase="C:/Users/Dat/Desktop/QuanLyCafe_ver2.0/UnitTest/bin/Debug/UnitTest.DLL" adapterTypeName="Microsoft.VisualStudio.TestTools.TestTypes.Unit.UnitTestAdapter, Microsoft.VisualStudio.QualityTools.Tips.UnitTest.Adapter, Version=10.0.0.0, Culture=neutral, PublicKeyToken=b03f5f7f11d50a3a" className="UnitTest.Test_DSBan, UnitTest, Version=1.0.0.0, Culture=neutral, PublicKeyToken=null" name="ThemBan_MaBanChenCuoi" />
    </UnitTest>
    <UnitTest name="DsBanYeuCau_TimTheoDungMa" storage="c:\users\dat\desktop\quanlycafe_ver2.0\unittest\bin\debug\unittest.dll" id="a6dd8555-465c-67ad-6dd0-2f32b89c9fa6">
      <Execution id="edf5bb6e-9eb9-4555-9d2e-33d9bf5b82c1" />
      <TestMethod codeBase="C:/Users/Dat/Desktop/QuanLyCafe_ver2.0/UnitTest/bin/Debug/UnitTest.DLL" adapterTypeName="Microsoft.VisualStudio.TestTools.TestTypes.Unit.UnitTestAdapter, Microsoft.VisualStudio.QualityTools.Tips.UnitTest.Adapter, Version=10.0.0.0, Culture=neutral, PublicKeyToken=b03f5f7f11d50a3a" className="UnitTest.Test_DSBan, UnitTest, Version=1.0.0.0, Culture=neutral, PublicKeyToken=null" name="DsBanYeuCau_TimTheoDungMa" />
    </UnitTest>
    <UnitTest name="TimMon_NhapMaMonDuongKhongTonTai" storage="c:\users\dat\desktop\quanlycafe_ver2.0\unittest\bin\debug\unittest.dll" id="99efb3d3-663f-929d-6532-615f7f0d2cb2">
      <Execution id="ec5d4a74-f5b7-49cd-82d6-ed3dfbf63337" />
      <TestMethod codeBase="C:/Users/Dat/Desktop/QuanLyCafe_ver2.0/UnitTest/bin/Debug/UnitTest.DLL" adapterTypeName="Microsoft.VisualStudio.TestTools.TestTypes.Unit.UnitTestAdapter, Microsoft.VisualStudio.QualityTools.Tips.UnitTest.Adapter, Version=10.0.0.0, Culture=neutral, PublicKeyToken=b03f5f7f11d50a3a" className="UnitTest.Test_DSMon, UnitTest, Version=1.0.0.0, Culture=neutral, PublicKeyToken=null" name="TimMon_NhapMaMonDuongKhongTonTai" />
    </UnitTest>
    <UnitTest name="Test_SoSanh_BangNhau" storage="c:\users\dat\desktop\quanlycafe_ver2.0\unittest\bin\debug\unittest.dll" id="f0234b3c-f46c-0e01-65e8-c42627450b4c">
      <Execution id="041ec1b2-9de6-477f-852f-cefa690e89bc" />
      <TestMethod codeBase="C:/Users/Dat/Desktop/QuanLyCafe_ver2.0/UnitTest/bin/Debug/UnitTest.DLL" adapterTypeName="Microsoft.VisualStudio.TestTools.TestTypes.Unit.UnitTestAdapter, Microsoft.VisualStudio.QualityTools.Tips.UnitTest.Adapter, Version=10.0.0.0, Culture=neutral, PublicKeyToken=b03f5f7f11d50a3a" className="UnitTest.Test_Ban, UnitTest, Version=1.0.0.0, Culture=neutral, PublicKeyToken=null" name="Test_SoSanh_BangNhau" />
    </UnitTest>
    <UnitTest name="Test_KiemTraSucChua_Sai" storage="c:\users\dat\desktop\quanlycafe_ver2.0\unittest\bin\debug\unittest.dll" id="bf99b1ce-4fcb-573f-3f9e-eecece941c19">
      <Execution id="d85f92f9-9a1d-488f-b85e-a8aaf851f5a7" />
      <TestMethod codeBase="C:/Users/Dat/Desktop/QuanLyCafe_ver2.0/UnitTest/bin/Debug/UnitTest.DLL" adapterTypeName="Microsoft.VisualStudio.TestTools.TestTypes.Unit.UnitTestAdapter, Microsoft.VisualStudio.QualityTools.Tips.UnitTest.Adapter, Version=10.0.0.0, Culture=neutral, PublicKeyToken=b03f5f7f11d50a3a" className="UnitTest.Test_Ban, UnitTest, Version=1.0.0.0, Culture=neutral, PublicKeyToken=null" name="Test_KiemTraSucChua_Sai" />
    </UnitTest>
    <UnitTest name="DsBanYeuCau_TimTheoDungSucChua" storage="c:\users\dat\desktop\quanlycafe_ver2.0\unittest\bin\debug\unittest.dll" id="853dad75-5dc6-becf-634f-122a40f3c54d">
      <Execution id="4fa3277e-bcb1-4ecb-b716-f44a10c0ff19" />
      <TestMethod codeBase="C:/Users/Dat/Desktop/QuanLyCafe_ver2.0/UnitTest/bin/Debug/UnitTest.DLL" adapterTypeName="Microsoft.VisualStudio.TestTools.TestTypes.Unit.UnitTestAdapter, Microsoft.VisualStudio.QualityTools.Tips.UnitTest.Adapter, Version=10.0.0.0, Culture=neutral, PublicKeyToken=b03f5f7f11d50a3a" className="UnitTest.Test_DSBan, UnitTest, Version=1.0.0.0, Culture=neutral, PublicKeyToken=null" name="DsBanYeuCau_TimTheoDungSucChua" />
    </UnitTest>
  </TestDefinitions>
  <TestLists>
    <TestList name="Results Not in a List" id="8c84fa94-04c1-424b-9868-57a2d4851a1d" />
    <TestList name="All Loaded Results" id="19431567-8539-422a-85d7-44ee4e166bda" />
  </TestLists>
  <TestEntries>
    <TestEntry testId="001e126a-2f03-a243-a501-c4eb5b80e5b6" executionId="ca976ccd-1e0a-47e6-99e5-5e2f064cf14d" testListId="8c84fa94-04c1-424b-9868-57a2d4851a1d" />
    <TestEntry testId="06b8123c-7d1f-8bac-45a7-799067530aab" executionId="31769daf-5593-4d91-89b5-d5d953330d8c" testListId="8c84fa94-04c1-424b-9868-57a2d4851a1d" />
    <TestEntry testId="0e315cd6-bf1a-28c8-1808-19e15ee2bdbb" executionId="1d811329-4239-4dea-ad4f-d70c1c7aef3a" testListId="8c84fa94-04c1-424b-9868-57a2d4851a1d" />
    <TestEntry testId="13ab6e93-5baf-08bc-7cee-b6d4ca43a615" executionId="df71427a-7181-4bef-8cdf-e0058c177ad9" testListId="8c84fa94-04c1-424b-9868-57a2d4851a1d" />
    <TestEntry testId="17e42041-4516-a87e-ff03-80180ded590a" executionId="8f62bc10-8018-4957-9878-4223e6339789" testListId="8c84fa94-04c1-424b-9868-57a2d4851a1d" />
    <TestEntry testId="229f5429-457c-9561-2e80-0fa00cb9dcfc" executionId="aaa7ed55-d961-49b8-982f-dc08e975ae2a" testListId="8c84fa94-04c1-424b-9868-57a2d4851a1d" />
    <TestEntry testId="22fdcd41-63c2-79b1-3370-fcdab5527a48" executionId="6f01942b-57c1-4bf9-b9c4-41bb828d953e" testListId="8c84fa94-04c1-424b-9868-57a2d4851a1d" />
    <TestEntry testId="29b55110-f978-ad0a-d918-08fa6855787f" executionId="e953fa53-10aa-4eb0-99be-10b16340ea67" testListId="8c84fa94-04c1-424b-9868-57a2d4851a1d" />
    <TestEntry testId="384b808a-d506-0c2c-6605-4a7c7e651568" executionId="762aef83-20b8-426a-a943-445b5aa11c2c" testListId="8c84fa94-04c1-424b-9868-57a2d4851a1d" />
    <TestEntry testId="39b7264b-ca7f-f90c-59c8-f56672af99b1" executionId="1102f298-af45-424c-9da7-54e09f0d4a24" testListId="8c84fa94-04c1-424b-9868-57a2d4851a1d" />
    <TestEntry testId="3d468620-0cac-8c97-9153-a437aaca892c" executionId="5eea6d0d-7fed-482a-b65c-aa4eb744db3c" testListId="8c84fa94-04c1-424b-9868-57a2d4851a1d" />
    <TestEntry testId="3dad8991-c613-c1f9-0cb1-f41532d7eba0" executionId="80782ec9-ee77-45e0-928c-670a723e20ab" testListId="8c84fa94-04c1-424b-9868-57a2d4851a1d" />
    <TestEntry testId="3df2cd00-3c06-f507-5b91-3e8795b36070" executionId="74ec0dd0-7e25-4dbe-b661-0c24b741d704" testListId="8c84fa94-04c1-424b-9868-57a2d4851a1d" />
    <TestEntry testId="3f36fb8e-02a1-e865-afd4-fb0edea3b1f4" executionId="f42f966d-6688-4e32-837b-e0966b112358" testListId="8c84fa94-04c1-424b-9868-57a2d4851a1d" />
    <TestEntry testId="40a6ab72-818f-8bc3-5813-298d696cfecc" executionId="4d0b013a-b0f2-4e27-a157-db5955805f5d" testListId="8c84fa94-04c1-424b-9868-57a2d4851a1d" />
    <TestEntry testId="43c154de-a1b3-788a-efb4-c91191131004" executionId="572da273-a7f3-4d49-aeba-d694d9037a8f" testListId="8c84fa94-04c1-424b-9868-57a2d4851a1d" />
    <TestEntry testId="5504126a-2122-ce4e-bafd-431766aad126" executionId="96ef3869-c131-4e79-a187-d77acfac68d5" testListId="8c84fa94-04c1-424b-9868-57a2d4851a1d" />
    <TestEntry testId="58fe1980-0c32-dcdf-eb1d-cd3bc8ff9413" executionId="fe49f63c-9b03-45b6-b644-50debbfd5f23" testListId="8c84fa94-04c1-424b-9868-57a2d4851a1d" />
    <TestEntry testId="5ba2c898-8860-a02e-ab1a-357c6bf4f222" executionId="0edc8c84-fddc-4736-84e4-17c42ed5865c" testListId="8c84fa94-04c1-424b-9868-57a2d4851a1d" />
    <TestEntry testId="65708783-9de6-538d-05b5-3f6cd931e7a4" executionId="7a6317f1-5c67-4d50-bf7f-0883c8b54625" testListId="8c84fa94-04c1-424b-9868-57a2d4851a1d" />
    <TestEntry testId="68317eee-7a65-9417-129b-0adfe66804f9" executionId="70836115-6d2e-4a54-ae84-63f7b44d0583" testListId="8c84fa94-04c1-424b-9868-57a2d4851a1d" />
    <TestEntry testId="70305cc4-5d92-51bd-09e0-b5bbf19b5f6d" executionId="1e3c4f63-a3d9-43c5-9a80-ecf9813eaabe" testListId="8c84fa94-04c1-424b-9868-57a2d4851a1d" />
    <TestEntry testId="706c525f-a63b-2ace-e558-1aa04df5541f" executionId="57bbe2fa-f135-48b5-a259-568e2617c9e7" testListId="8c84fa94-04c1-424b-9868-57a2d4851a1d" />
    <TestEntry testId="7689427c-86a4-42a4-f714-a7a94b8e2669" executionId="b3767de9-e805-46bb-a396-3cb0e49a2d67" testListId="8c84fa94-04c1-424b-9868-57a2d4851a1d" />
    <TestEntry testId="7a329a4c-3fdd-f31c-cc7e-a6a492b374d4" executionId="1a8a7534-cdf7-4692-aa61-4cde95b25640" testListId="8c84fa94-04c1-424b-9868-57a2d4851a1d" />
    <TestEntry testId="7e3dccb6-9d26-926e-5d6e-9e5311be4e07" executionId="be3b0a61-e6f5-45e4-9290-df74022555ad" testListId="8c84fa94-04c1-424b-9868-57a2d4851a1d" />
    <TestEntry testId="853dad75-5dc6-becf-634f-122a40f3c54d" executionId="4fa3277e-bcb1-4ecb-b716-f44a10c0ff19" testListId="8c84fa94-04c1-424b-9868-57a2d4851a1d" />
    <TestEntry testId="8df1f0d5-e7c9-1bb5-cca9-5dad03172cdc" executionId="461bde63-6e34-4748-b06e-b322ba0f3707" testListId="8c84fa94-04c1-424b-9868-57a2d4851a1d" />
    <TestEntry testId="95492612-57b2-66ce-e4ea-287d48f488bb" executionId="877f7a76-3eb8-4e59-b916-ec405f2201d3" testListId="8c84fa94-04c1-424b-9868-57a2d4851a1d" />
    <TestEntry testId="997a3c0b-1986-2d64-a11b-a9fbec68ec27" executionId="ad63ab25-645b-4252-a17b-3938c0b07baa" testListId="8c84fa94-04c1-424b-9868-57a2d4851a1d" />
    <TestEntry testId="99efb3d3-663f-929d-6532-615f7f0d2cb2" executionId="ec5d4a74-f5b7-49cd-82d6-ed3dfbf63337" testListId="8c84fa94-04c1-424b-9868-57a2d4851a1d" />
    <TestEntry testId="a6dd8555-465c-67ad-6dd0-2f32b89c9fa6" executionId="edf5bb6e-9eb9-4555-9d2e-33d9bf5b82c1" testListId="8c84fa94-04c1-424b-9868-57a2d4851a1d" />
    <TestEntry testId="bf99b1ce-4fcb-573f-3f9e-eecece941c19" executionId="d85f92f9-9a1d-488f-b85e-a8aaf851f5a7" testListId="8c84fa94-04c1-424b-9868-57a2d4851a1d" />
    <TestEntry testId="c234d1f5-618a-9344-50a8-0c8365dbbca6" executionId="b89fddcf-ad76-423f-8bd2-9b187fc61a95" testListId="8c84fa94-04c1-424b-9868-57a2d4851a1d" />
    <TestEntry testId="c4080441-b38c-51ba-bef3-591104a596b7" executionId="51b59235-8fe7-4790-89a3-a1d7546004e0" testListId="8c84fa94-04c1-424b-9868-57a2d4851a1d" />
    <TestEntry testId="cd564136-a647-1a66-b585-ffdd6091a8e0" executionId="268f8ea2-36b1-40aa-aacc-20bbcdaeb9b5" testListId="8c84fa94-04c1-424b-9868-57a2d4851a1d" />
    <TestEntry testId="d1321b73-d6c9-1b1c-1641-7dd7bf98b1e3" executionId="2092251f-d8fd-4355-8bc7-95f9d13c9f9d" testListId="8c84fa94-04c1-424b-9868-57a2d4851a1d" />
    <TestEntry testId="d154bc88-b8a7-7a70-8ff5-21465ba4fa9c" executionId="f6f9423f-ca9a-40e7-ad7b-50715c752637" testListId="8c84fa94-04c1-424b-9868-57a2d4851a1d" />
    <TestEntry testId="d9276523-08ee-3a7b-be05-b0c9880ceb9f" executionId="398de992-8d7d-42ce-9b2a-2b3cc9fcf460" testListId="8c84fa94-04c1-424b-9868-57a2d4851a1d" />
    <TestEntry testId="d9bda122-0024-f101-1aa1-04ff4956f041" executionId="002e457e-9647-4284-b12d-cb4c4c54c8e4" testListId="8c84fa94-04c1-424b-9868-57a2d4851a1d" />
    <TestEntry testId="d9c1ca57-4f3d-61ab-2bd0-8e97c57ef602" executionId="13aa692c-8118-4e7d-ba17-70c11cfb37cb" testListId="8c84fa94-04c1-424b-9868-57a2d4851a1d" />
    <TestEntry testId="dc81981a-f73c-8a4c-f49c-d4ec530797c7" executionId="4d3482f2-7aa6-42c7-9ca2-c898c8948ff6" testListId="8c84fa94-04c1-424b-9868-57a2d4851a1d" />
    <TestEntry testId="ded5ed6a-e441-abca-4d62-7c235a5a457a" executionId="8f72bbe8-c28f-4655-8902-8daba0f65b71" testListId="8c84fa94-04c1-424b-9868-57a2d4851a1d" />
    <TestEntry testId="e56789c3-c298-c14a-b9d3-f1a84d2f3e8b" executionId="a31bdc4f-2a2b-400c-8652-34e67800c818" testListId="8c84fa94-04c1-424b-9868-57a2d4851a1d" />
    <TestEntry testId="e9f15037-3b94-ca0a-e260-6e2c6d3560db" executionId="4a3f0a07-1f94-4778-98d0-aaeb8a42b34e" testListId="8c84fa94-04c1-424b-9868-57a2d4851a1d" />
    <TestEntry testId="f0234b3c-f46c-0e01-65e8-c42627450b4c" executionId="041ec1b2-9de6-477f-852f-cefa690e89bc" testListId="8c84fa94-04c1-424b-9868-57a2d4851a1d" />
    <TestEntry testId="f3bd33ba-840c-ef80-6ee1-67effc662fd1" executionId="a7e3d70b-227a-4b4e-b499-16959669d2de" testListId="8c84fa94-04c1-424b-9868-57a2d4851a1d" />
    <TestEntry testId="f640cdbc-7682-fa1e-584c-24d33454f385" executionId="a97e7223-01bd-478f-b326-20690b2a7a3a" testListId="8c84fa94-04c1-424b-9868-57a2d4851a1d" />
    <TestEntry testId="f93f9ba7-60db-4d30-e04f-0ae6bb772115" executionId="af2bdbf7-50de-47cb-98d4-ee2d6d5e8f5b" testListId="8c84fa94-04c1-424b-9868-57a2d4851a1d" />
    <TestEntry testId="fc80d0d6-d4f8-0082-3d0a-79f3560d90f5" executionId="499a75a1-0cd3-47e7-951a-0efd6284f17c" testListId="8c84fa94-04c1-424b-9868-57a2d4851a1d" />
  </TestEntries>
  <Results>
    <UnitTestResult executionId="ca976ccd-1e0a-47e6-99e5-5e2f064cf14d" testId="001e126a-2f03-a243-a501-c4eb5b80e5b6" testName="DsMonYeuCau_TimDungMaMon" computerName="DAT" duration="00:00:00.0919133" startTime="2019-11-17T22:36:15.5496190+07:00" endTime="2019-11-17T22:36:15.9391425+07:00" testType="13cdc9d9-ddb5-4fa4-a97d-d965ccfc6d4b" outcome="Passed" testListId="8c84fa94-04c1-424b-9868-57a2d4851a1d" relativeResultsDirectory="ca976ccd-1e0a-47e6-99e5-5e2f064cf14d">
    </UnitTestResult>
    <UnitTestResult executionId="31769daf-5593-4d91-89b5-d5d953330d8c" testId="06b8123c-7d1f-8bac-45a7-799067530aab" testName="KiemTraTenMonTrung_NhapTenKhongTrung" computerName="DAT" duration="00:00:00.0003771" startTime="2019-11-17T22:36:15.9481185+07:00" endTime="2019-11-17T22:36:15.9511104+07:00" testType="13cdc9d9-ddb5-4fa4-a97d-d965ccfc6d4b" outcome="Passed" testListId="8c84fa94-04c1-424b-9868-57a2d4851a1d" relativeResultsDirectory="31769daf-5593-4d91-89b5-d5d953330d8c">
    </UnitTestResult>
    <UnitTestResult executionId="1d811329-4239-4dea-ad4f-d70c1c7aef3a" testId="0e315cd6-bf1a-28c8-1808-19e15ee2bdbb" testName="CapNhat_CapNhatGiaMon" computerName="DAT" duration="00:00:00.0003618" startTime="2019-11-17T22:36:15.9590887+07:00" endTime="2019-11-17T22:36:15.9620828+07:00" testType="13cdc9d9-ddb5-4fa4-a97d-d965ccfc6d4b" outcome="Passed" testListId="8c84fa94-04c1-424b-9868-57a2d4851a1d" relativeResultsDirectory="1d811329-4239-4dea-ad4f-d70c1c7aef3a">
    </UnitTestResult>
    <UnitTestResult executionId="df71427a-7181-4bef-8cdf-e0058c177ad9" testId="13ab6e93-5baf-08bc-7cee-b6d4ca43a615" testName="KiemTraTenMonTrung_NhapTenTrung" computerName="DAT" duration="00:00:00.0001379" startTime="2019-11-17T22:36:15.9700593+07:00" endTime="2019-11-17T22:36:15.9730516+07:00" testType="13cdc9d9-ddb5-4fa4-a97d-d965ccfc6d4b" outcome="Passed" testListId="8c84fa94-04c1-424b-9868-57a2d4851a1d" relativeResultsDirectory="df71427a-7181-4bef-8cdf-e0058c177ad9">
    </UnitTestResult>
    <UnitTestResult executionId="8f62bc10-8018-4957-9878-4223e6339789" testId="17e42041-4516-a87e-ff03-80180ded590a" testName="DsMonYeuCau_TimDungTenMon" computerName="DAT" duration="00:00:00.0003359" startTime="2019-11-17T22:36:15.9826049+07:00" endTime="2019-11-17T22:36:15.9846002+07:00" testType="13cdc9d9-ddb5-4fa4-a97d-d965ccfc6d4b" outcome="Passed" testListId="8c84fa94-04c1-424b-9868-57a2d4851a1d" relativeResultsDirectory="8f62bc10-8018-4957-9878-4223e6339789">
    </UnitTestResult>
    <UnitTestResult executionId="aaa7ed55-d961-49b8-982f-dc08e975ae2a" testId="229f5429-457c-9561-2e80-0fa00cb9dcfc" testName="Test_KiemTraMonDaTonTai" computerName="DAT" duration="00:00:00.7000849" startTime="2019-11-17T22:36:15.9925780+07:00" endTime="2019-11-17T22:36:16.6947067+07:00" testType="13cdc9d9-ddb5-4fa4-a97d-d965ccfc6d4b" outcome="Passed" testListId="8c84fa94-04c1-424b-9868-57a2d4851a1d" relativeResultsDirectory="aaa7ed55-d961-49b8-982f-dc08e975ae2a">
    </UnitTestResult>
    <UnitTestResult executionId="6f01942b-57c1-4bf9-b9c4-41bb828d953e" testId="22fdcd41-63c2-79b1-3370-fcdab5527a48" testName="SoSanh_LonHon" computerName="DAT" duration="00:00:00.0003932" startTime="2019-11-17T22:36:16.7016897+07:00" endTime="2019-11-17T22:36:16.7046802+07:00" testType="13cdc9d9-ddb5-4fa4-a97d-d965ccfc6d4b" outcome="Passed" testListId="8c84fa94-04c1-424b-9868-57a2d4851a1d" relativeResultsDirectory="6f01942b-57c1-4bf9-b9c4-41bb828d953e">
    </UnitTestResult>
    <UnitTestResult executionId="e953fa53-10aa-4eb0-99be-10b16340ea67" testId="29b55110-f978-ad0a-d918-08fa6855787f" testName="DsMonYeuCau_TimDungTheoGiaBan" computerName="DAT" duration="00:00:00.0002571" startTime="2019-11-17T22:36:16.7106639+07:00" endTime="2019-11-17T22:36:16.7126606+07:00" testType="13cdc9d9-ddb5-4fa4-a97d-d965ccfc6d4b" outcome="Passed" testListId="8c84fa94-04c1-424b-9868-57a2d4851a1d" relativeResultsDirectory="e953fa53-10aa-4eb0-99be-10b16340ea67">
    </UnitTestResult>
    <UnitTestResult executionId="762aef83-20b8-426a-a943-445b5aa11c2c" testId="384b808a-d506-0c2c-6605-4a7c7e651568" testName="ThemBan_NhapQuaGioiHanSucChua0" computerName="DAT" duration="00:00:00.0010039" startTime="2019-11-17T22:36:16.7196420+07:00" endTime="2019-11-17T22:36:16.7226334+07:00" testType="13cdc9d9-ddb5-4fa4-a97d-d965ccfc6d4b" outcome="Passed" testListId="8c84fa94-04c1-424b-9868-57a2d4851a1d" relativeResultsDirectory="762aef83-20b8-426a-a943-445b5aa11c2c">
    </UnitTestResult>
    <UnitTestResult executionId="1102f298-af45-424c-9da7-54e09f0d4a24" testId="39b7264b-ca7f-f90c-59c8-f56672af99b1" testName="TimBan_Thay" computerName="DAT" duration="00:00:00.0003635" startTime="2019-11-17T22:36:16.7296143+07:00" endTime="2019-11-17T22:36:16.7326488+07:00" testType="13cdc9d9-ddb5-4fa4-a97d-d965ccfc6d4b" outcome="Passed" testListId="8c84fa94-04c1-424b-9868-57a2d4851a1d" relativeResultsDirectory="1102f298-af45-424c-9da7-54e09f0d4a24">
    </UnitTestResult>
    <UnitTestResult executionId="5eea6d0d-7fed-482a-b65c-aa4eb744db3c" testId="3d468620-0cac-8c97-9153-a437aaca892c" testName="ThemMon_ThemMonBiTrungTen" computerName="DAT" duration="00:00:00.0004132" startTime="2019-11-17T22:36:16.7385913+07:00" endTime="2019-11-17T22:36:16.7415836+07:00" testType="13cdc9d9-ddb5-4fa4-a97d-d965ccfc6d4b" outcome="Passed" testListId="8c84fa94-04c1-424b-9868-57a2d4851a1d" relativeResultsDirectory="5eea6d0d-7fed-482a-b65c-aa4eb744db3c">
    </UnitTestResult>
    <UnitTestResult executionId="80782ec9-ee77-45e0-928c-670a723e20ab" testId="3dad8991-c613-c1f9-0cb1-f41532d7eba0" testName="Test_QuanTri3" computerName="DAT" duration="00:00:02.3450186" startTime="2019-11-17T22:36:16.7485644+07:00" endTime="2019-11-17T22:36:19.0964524+07:00" testType="13cdc9d9-ddb5-4fa4-a97d-d965ccfc6d4b" outcome="Passed" testListId="8c84fa94-04c1-424b-9868-57a2d4851a1d" relativeResultsDirectory="80782ec9-ee77-45e0-928c-670a723e20ab">
    </UnitTestResult>
    <UnitTestResult executionId="74ec0dd0-7e25-4dbe-b661-0c24b741d704" testId="3df2cd00-3c06-f507-5b91-3e8795b36070" testName="KiemTraTinhTrangBan_BanTrong" computerName="DAT" duration="00:00:00.0008958" startTime="2019-11-17T22:36:19.1144048+07:00" endTime="2019-11-17T22:36:19.1184362+07:00" testType="13cdc9d9-ddb5-4fa4-a97d-d965ccfc6d4b" outcome="Passed" testListId="8c84fa94-04c1-424b-9868-57a2d4851a1d" relativeResultsDirectory="74ec0dd0-7e25-4dbe-b661-0c24b741d704">
    </UnitTestResult>
    <UnitTestResult executionId="f42f966d-6688-4e32-837b-e0966b112358" testId="3f36fb8e-02a1-e865-afd4-fb0edea3b1f4" testName="DsBanTrong_LayDungDSBanTrong" computerName="DAT" duration="00:00:00.0004145" startTime="2019-11-17T22:36:19.1263726+07:00" endTime="2019-11-17T22:36:19.1283693+07:00" testType="13cdc9d9-ddb5-4fa4-a97d-d965ccfc6d4b" outcome="Passed" testListId="8c84fa94-04c1-424b-9868-57a2d4851a1d" relativeResultsDirectory="f42f966d-6688-4e32-837b-e0966b112358">
    </UnitTestResult>
    <UnitTestResult executionId="4d0b013a-b0f2-4e27-a157-db5955805f5d" testId="40a6ab72-818f-8bc3-5813-298d696cfecc" testName="KiemTraTinhTrangBan_MaBanKhongCo" computerName="DAT" duration="00:00:00.0001854" startTime="2019-11-17T22:36:19.1363457+07:00" endTime="2019-11-17T22:36:19.1383412+07:00" testType="13cdc9d9-ddb5-4fa4-a97d-d965ccfc6d4b" outcome="Passed" testListId="8c84fa94-04c1-424b-9868-57a2d4851a1d" relativeResultsDirectory="4d0b013a-b0f2-4e27-a157-db5955805f5d">
    </UnitTestResult>
    <UnitTestResult executionId="572da273-a7f3-4d49-aeba-d694d9037a8f" testId="43c154de-a1b3-788a-efb4-c91191131004" testName="CapNhat_CapNhatTenMon" computerName="DAT" duration="00:00:00.0001612" startTime="2019-11-17T22:36:19.1453227+07:00" endTime="2019-11-17T22:36:19.1483262+07:00" testType="13cdc9d9-ddb5-4fa4-a97d-d965ccfc6d4b" outcome="Passed" testListId="8c84fa94-04c1-424b-9868-57a2d4851a1d" relativeResultsDirectory="572da273-a7f3-4d49-aeba-d694d9037a8f">
    </UnitTestResult>
    <UnitTestResult executionId="96ef3869-c131-4e79-a187-d77acfac68d5" testId="5504126a-2122-ce4e-bafd-431766aad126" testName="TimBan_NhapMaBanDuongKhongTonTai" computerName="DAT" duration="00:00:00.0001779" startTime="2019-11-17T22:36:19.1562934+07:00" endTime="2019-11-17T22:36:19.1582871+07:00" testType="13cdc9d9-ddb5-4fa4-a97d-d965ccfc6d4b" outcome="Passed" testListId="8c84fa94-04c1-424b-9868-57a2d4851a1d" relativeResultsDirectory="96ef3869-c131-4e79-a187-d77acfac68d5">
    </UnitTestResult>
    <UnitTestResult executionId="fe49f63c-9b03-45b6-b644-50debbfd5f23" testId="58fe1980-0c32-dcdf-eb1d-cd3bc8ff9413" testName="SoSanh_BangNhau" computerName="DAT" duration="00:00:00.0001617" startTime="2019-11-17T22:36:19.1672631+07:00" endTime="2019-11-17T22:36:19.1692585+07:00" testType="13cdc9d9-ddb5-4fa4-a97d-d965ccfc6d4b" outcome="Passed" testListId="8c84fa94-04c1-424b-9868-57a2d4851a1d" relativeResultsDirectory="fe49f63c-9b03-45b6-b644-50debbfd5f23">
    </UnitTestResult>
    <UnitTestResult executionId="0edc8c84-fddc-4736-84e4-17c42ed5865c" testId="5ba2c898-8860-a02e-ab1a-357c6bf4f222" testName="TimBan_NhapMaBanAm" computerName="DAT" duration="00:00:00.0001581" startTime="2019-11-17T22:36:19.1752423+07:00" endTime="2019-11-17T22:36:19.1782875+07:00" testType="13cdc9d9-ddb5-4fa4-a97d-d965ccfc6d4b" outcome="Passed" testListId="8c84fa94-04c1-424b-9868-57a2d4851a1d" relativeResultsDirectory="0edc8c84-fddc-4736-84e4-17c42ed5865c">
    </UnitTestResult>
    <UnitTestResult executionId="7a6317f1-5c67-4d50-bf7f-0883c8b54625" testId="65708783-9de6-538d-05b5-3f6cd931e7a4" testName="TimMon_TimThay" computerName="DAT" duration="00:00:00.0001606" startTime="2019-11-17T22:36:19.1862125+07:00" endTime="2019-11-17T22:36:19.1882077+07:00" testType="13cdc9d9-ddb5-4fa4-a97d-d965ccfc6d4b" outcome="Passed" testListId="8c84fa94-04c1-424b-9868-57a2d4851a1d" relativeResultsDirectory="7a6317f1-5c67-4d50-bf7f-0883c8b54625">
    </UnitTestResult>
    <UnitTestResult executionId="70836115-6d2e-4a54-ae84-63f7b44d0583" testId="68317eee-7a65-9417-129b-0adfe66804f9" testName="SoSanh_Nhohon" computerName="DAT" duration="00:00:00.0001430" startTime="2019-11-17T22:36:19.1961856+07:00" endTime="2019-11-17T22:36:19.1991890+07:00" testType="13cdc9d9-ddb5-4fa4-a97d-d965ccfc6d4b" outcome="Passed" testListId="8c84fa94-04c1-424b-9868-57a2d4851a1d" relativeResultsDirectory="70836115-6d2e-4a54-ae84-63f7b44d0583">
    </UnitTestResult>
    <UnitTestResult executionId="1e3c4f63-a3d9-43c5-9a80-ecf9813eaabe" testId="70305cc4-5d92-51bd-09e0-b5bbf19b5f6d" testName="Test_ThuNgan2" computerName="DAT" duration="00:00:00.4338353" startTime="2019-11-17T22:36:19.2061602+07:00" endTime="2019-11-17T22:36:19.6422225+07:00" testType="13cdc9d9-ddb5-4fa4-a97d-d965ccfc6d4b" outcome="Passed" testListId="8c84fa94-04c1-424b-9868-57a2d4851a1d" relativeResultsDirectory="1e3c4f63-a3d9-43c5-9a80-ecf9813eaabe">
    </UnitTestResult>
    <UnitTestResult executionId="57bbe2fa-f135-48b5-a259-568e2617c9e7" testId="706c525f-a63b-2ace-e558-1aa04df5541f" testName="Test_KiemTraSucChua_Dung" computerName="DAT" duration="00:00:00.0002164" startTime="2019-11-17T22:36:19.6576895+07:00" endTime="2019-11-17T22:36:19.6596869+07:00" testType="13cdc9d9-ddb5-4fa4-a97d-d965ccfc6d4b" outcome="Passed" testListId="8c84fa94-04c1-424b-9868-57a2d4851a1d" relativeResultsDirectory="57bbe2fa-f135-48b5-a259-568e2617c9e7">
    </UnitTestResult>
    <UnitTestResult executionId="b3767de9-e805-46bb-a396-3cb0e49a2d67" testId="7689427c-86a4-42a4-f714-a7a94b8e2669" testName="Test_QuanTri2" computerName="DAT" duration="00:00:00.4837768" startTime="2019-11-17T22:36:19.6686598+07:00" endTime="2019-11-17T22:36:20.1552078+07:00" testType="13cdc9d9-ddb5-4fa4-a97d-d965ccfc6d4b" outcome="Passed" testListId="8c84fa94-04c1-424b-9868-57a2d4851a1d" relativeResultsDirectory="b3767de9-e805-46bb-a396-3cb0e49a2d67">
    </UnitTestResult>
    <UnitTestResult executionId="1a8a7534-cdf7-4692-aa61-4cde95b25640" testId="7a329a4c-3fdd-f31c-cc7e-a6a492b374d4" testName="Test_SoSanh_Nhohon" computerName="DAT" duration="00:00:00.0002498" startTime="2019-11-17T22:36:20.1701660+07:00" endTime="2019-11-17T22:36:20.1721629+07:00" testType="13cdc9d9-ddb5-4fa4-a97d-d965ccfc6d4b" outcome="Passed" testListId="8c84fa94-04c1-424b-9868-57a2d4851a1d" relativeResultsDirectory="1a8a7534-cdf7-4692-aa61-4cde95b25640">
    </UnitTestResult>
    <UnitTestResult executionId="be3b0a61-e6f5-45e4-9290-df74022555ad" testId="7e3dccb6-9d26-926e-5d6e-9e5311be4e07" testName="ThemBan_MaBanChenCuoi" computerName="DAT" duration="00:00:00.0002159" startTime="2019-11-17T22:36:20.1801398+07:00" endTime="2019-11-17T22:36:20.1831311+07:00" testType="13cdc9d9-ddb5-4fa4-a97d-d965ccfc6d4b" outcome="Passed" testListId="8c84fa94-04c1-424b-9868-57a2d4851a1d" relativeResultsDirectory="be3b0a61-e6f5-45e4-9290-df74022555ad">
    </UnitTestResult>
    <UnitTestResult executionId="4fa3277e-bcb1-4ecb-b716-f44a10c0ff19" testId="853dad75-5dc6-becf-634f-122a40f3c54d" testName="DsBanYeuCau_TimTheoDungSucChua" computerName="DAT" duration="00:00:00.0005676" startTime="2019-11-17T22:36:20.1901572+07:00" endTime="2019-11-17T22:36:20.1931045+07:00" testType="13cdc9d9-ddb5-4fa4-a97d-d965ccfc6d4b" outcome="Passed" testListId="8c84fa94-04c1-424b-9868-57a2d4851a1d" relativeResultsDirectory="4fa3277e-bcb1-4ecb-b716-f44a10c0ff19">
    </UnitTestResult>
    <UnitTestResult executionId="461bde63-6e34-4748-b06e-b322ba0f3707" testId="8df1f0d5-e7c9-1bb5-cca9-5dad03172cdc" testName="ThemBan_MaBanChenDau" computerName="DAT" duration="00:00:00.0002134" startTime="2019-11-17T22:36:20.2020804+07:00" endTime="2019-11-17T22:36:20.2040772+07:00" testType="13cdc9d9-ddb5-4fa4-a97d-d965ccfc6d4b" outcome="Passed" testListId="8c84fa94-04c1-424b-9868-57a2d4851a1d" relativeResultsDirectory="461bde63-6e34-4748-b06e-b322ba0f3707">
    </UnitTestResult>
    <UnitTestResult executionId="877f7a76-3eb8-4e59-b916-ec405f2201d3" testId="95492612-57b2-66ce-e4ea-287d48f488bb" testName="Test_KiemTraTinhTrangBan1" computerName="DAT" duration="00:00:00.0339580" startTime="2019-11-17T22:36:20.2100590+07:00" endTime="2019-11-17T22:36:20.2465128+07:00" testType="13cdc9d9-ddb5-4fa4-a97d-d965ccfc6d4b" outcome="Failed" testListId="8c84fa94-04c1-424b-9868-57a2d4851a1d" relativeResultsDirectory="877f7a76-3eb8-4e59-b916-ec405f2201d3">
      <Output>
        <ErrorInfo>
          <Message>Assert.IsFalse failed. </Message>
          <StackTrace>   at Testing.UnitTests.Test_QuanLyHoaDon.Test_KiemTraTinhTrangBan1() in C:\Users\Dat\Desktop\QuanLyCafe_ver2.0\UnitTest\Test_QuanLyHoaDon.cs:line 32
</StackTrace>
        </ErrorInfo>
      </Output>
    </UnitTestResult>
    <UnitTestResult executionId="ad63ab25-645b-4252-a17b-3938c0b07baa" testId="997a3c0b-1986-2d64-a11b-a9fbec68ec27" testName="Test_ThuNgan1" computerName="DAT" duration="00:00:00.1459860" startTime="2019-11-17T22:36:20.2544914+07:00" endTime="2019-11-17T22:36:20.4026045+07:00" testType="13cdc9d9-ddb5-4fa4-a97d-d965ccfc6d4b" outcome="Passed" testListId="8c84fa94-04c1-424b-9868-57a2d4851a1d" relativeResultsDirectory="ad63ab25-645b-4252-a17b-3938c0b07baa">
    </UnitTestResult>
    <UnitTestResult executionId="ec5d4a74-f5b7-49cd-82d6-ed3dfbf63337" testId="99efb3d3-663f-929d-6532-615f7f0d2cb2" testName="TimMon_NhapMaMonDuongKhongTonTai" computerName="DAT" duration="00:00:00.0002397" startTime="2019-11-17T22:36:20.4225528+07:00" endTime="2019-11-17T22:36:20.4255439+07:00" testType="13cdc9d9-ddb5-4fa4-a97d-d965ccfc6d4b" outcome="Passed" testListId="8c84fa94-04c1-424b-9868-57a2d4851a1d" relativeResultsDirectory="ec5d4a74-f5b7-49cd-82d6-ed3dfbf63337">
    </UnitTestResult>
    <UnitTestResult executionId="edf5bb6e-9eb9-4555-9d2e-33d9bf5b82c1" testId="a6dd8555-465c-67ad-6dd0-2f32b89c9fa6" testName="DsBanYeuCau_TimTheoDungMa" computerName="DAT" duration="00:00:00.0005650" startTime="2019-11-17T22:36:20.4335227+07:00" endTime="2019-11-17T22:36:20.4365147+07:00" testType="13cdc9d9-ddb5-4fa4-a97d-d965ccfc6d4b" outcome="Passed" testListId="8c84fa94-04c1-424b-9868-57a2d4851a1d" relativeResultsDirectory="edf5bb6e-9eb9-4555-9d2e-33d9bf5b82c1">
    </UnitTestResult>
    <UnitTestResult executionId="d85f92f9-9a1d-488f-b85e-a8aaf851f5a7" testId="bf99b1ce-4fcb-573f-3f9e-eecece941c19" testName="Test_KiemTraSucChua_Sai" computerName="DAT" duration="00:00:00.0001438" startTime="2019-11-17T22:36:20.4424982+07:00" endTime="2019-11-17T22:36:20.4444930+07:00" testType="13cdc9d9-ddb5-4fa4-a97d-d965ccfc6d4b" outcome="Passed" testListId="8c84fa94-04c1-424b-9868-57a2d4851a1d" relativeResultsDirectory="d85f92f9-9a1d-488f-b85e-a8aaf851f5a7">
    </UnitTestResult>
    <UnitTestResult executionId="b89fddcf-ad76-423f-8bd2-9b187fc61a95" testId="c234d1f5-618a-9344-50a8-0c8365dbbca6" testName="Test_KiemTraTinhTrangBan" computerName="DAT" duration="00:00:00.0108519" startTime="2019-11-17T22:36:20.4524731+07:00" endTime="2019-11-17T22:36:20.4654420+07:00" testType="13cdc9d9-ddb5-4fa4-a97d-d965ccfc6d4b" outcome="Passed" testListId="8c84fa94-04c1-424b-9868-57a2d4851a1d" relativeResultsDirectory="b89fddcf-ad76-423f-8bd2-9b187fc61a95">
    </UnitTestResult>
    <UnitTestResult executionId="51b59235-8fe7-4790-89a3-a1d7546004e0" testId="c4080441-b38c-51ba-bef3-591104a596b7" testName="TimMon_NhapMaMonAm" computerName="DAT" duration="00:00:00.0001346" startTime="2019-11-17T22:36:20.4744136+07:00" endTime="2019-11-17T22:36:20.4774050+07:00" testType="13cdc9d9-ddb5-4fa4-a97d-d965ccfc6d4b" outcome="Passed" testListId="8c84fa94-04c1-424b-9868-57a2d4851a1d" relativeResultsDirectory="51b59235-8fe7-4790-89a3-a1d7546004e0">
    </UnitTestResult>
    <UnitTestResult executionId="268f8ea2-36b1-40aa-aacc-20bbcdaeb9b5" testId="cd564136-a647-1a66-b585-ffdd6091a8e0" testName="Test_ThuNgan3" computerName="DAT" duration="00:00:00.6686474" startTime="2019-11-17T22:36:20.4843866+07:00" endTime="2019-11-17T22:36:21.1563311+07:00" testType="13cdc9d9-ddb5-4fa4-a97d-d965ccfc6d4b" outcome="Passed" testListId="8c84fa94-04c1-424b-9868-57a2d4851a1d" relativeResultsDirectory="268f8ea2-36b1-40aa-aacc-20bbcdaeb9b5">
    </UnitTestResult>
    <UnitTestResult executionId="2092251f-d8fd-4355-8bc7-95f9d13c9f9d" testId="d1321b73-d6c9-1b1c-1641-7dd7bf98b1e3" testName="Test_KiemTraMonDaTonTai1" computerName="DAT" duration="00:00:00.0131704" startTime="2019-11-17T22:36:21.1772747+07:00" endTime="2019-11-17T22:36:21.1934328+07:00" testType="13cdc9d9-ddb5-4fa4-a97d-d965ccfc6d4b" outcome="Passed" testListId="8c84fa94-04c1-424b-9868-57a2d4851a1d" relativeResultsDirectory="2092251f-d8fd-4355-8bc7-95f9d13c9f9d">
    </UnitTestResult>
    <UnitTestResult executionId="f6f9423f-ca9a-40e7-ad7b-50715c752637" testId="d154bc88-b8a7-7a70-8ff5-21465ba4fa9c" testName="ThemBan_MaBanChenGiua" computerName="DAT" duration="00:00:00.0002269" startTime="2019-11-17T22:36:21.2014004+07:00" endTime="2019-11-17T22:36:21.2044302+07:00" testType="13cdc9d9-ddb5-4fa4-a97d-d965ccfc6d4b" outcome="Passed" testListId="8c84fa94-04c1-424b-9868-57a2d4851a1d" relativeResultsDirectory="f6f9423f-ca9a-40e7-ad7b-50715c752637">
    </UnitTestResult>
    <UnitTestResult executionId="398de992-8d7d-42ce-9b2a-2b3cc9fcf460" testId="d9276523-08ee-3a7b-be05-b0c9880ceb9f" testName="ThemBan_NhapSucChuaAm" computerName="DAT" duration="00:00:00.0001681" startTime="2019-11-17T22:36:21.2113752+07:00" endTime="2019-11-17T22:36:21.2133700+07:00" testType="13cdc9d9-ddb5-4fa4-a97d-d965ccfc6d4b" outcome="Passed" testListId="8c84fa94-04c1-424b-9868-57a2d4851a1d" relativeResultsDirectory="398de992-8d7d-42ce-9b2a-2b3cc9fcf460">
    </UnitTestResult>
    <UnitTestResult executionId="002e457e-9647-4284-b12d-cb4c4c54c8e4" testId="d9bda122-0024-f101-1aa1-04ff4956f041" testName="KiemTraTinhTrangBan_BanDat" computerName="DAT" duration="00:00:00.0001824" startTime="2019-11-17T22:36:21.2233413+07:00" endTime="2019-11-17T22:36:21.2253771+07:00" testType="13cdc9d9-ddb5-4fa4-a97d-d965ccfc6d4b" outcome="Passed" testListId="8c84fa94-04c1-424b-9868-57a2d4851a1d" relativeResultsDirectory="002e457e-9647-4284-b12d-cb4c4c54c8e4">
    </UnitTestResult>
    <UnitTestResult executionId="13aa692c-8118-4e7d-ba17-70c11cfb37cb" testId="d9c1ca57-4f3d-61ab-2bd0-8e97c57ef602" testName="Test_SoSanh_LonHon" computerName="DAT" duration="00:00:00.0001616" startTime="2019-11-17T22:36:21.2349214+07:00" endTime="2019-11-17T22:36:21.2369562+07:00" testType="13cdc9d9-ddb5-4fa4-a97d-d965ccfc6d4b" outcome="Passed" testListId="8c84fa94-04c1-424b-9868-57a2d4851a1d" relativeResultsDirectory="13aa692c-8118-4e7d-ba17-70c11cfb37cb">
    </UnitTestResult>
    <UnitTestResult executionId="4d3482f2-7aa6-42c7-9ca2-c898c8948ff6" testId="dc81981a-f73c-8a4c-f49c-d4ec530797c7" testName="ThemMon_ThemMonThanhCong" computerName="DAT" duration="00:00:00.0001339" startTime="2019-11-17T22:36:21.2438973+07:00" endTime="2019-11-17T22:36:21.2458928+07:00" testType="13cdc9d9-ddb5-4fa4-a97d-d965ccfc6d4b" outcome="Passed" testListId="8c84fa94-04c1-424b-9868-57a2d4851a1d" relativeResultsDirectory="4d3482f2-7aa6-42c7-9ca2-c898c8948ff6">
    </UnitTestResult>
    <UnitTestResult executionId="8f72bbe8-c28f-4655-8902-8daba0f65b71" testId="ded5ed6a-e441-abca-4d62-7c235a5a457a" testName="ThemBan_NhapQuaGioiHanSucChua21" computerName="DAT" duration="00:00:00.0001736" startTime="2019-11-17T22:36:21.2538706+07:00" endTime="2019-11-17T22:36:21.2568626+07:00" testType="13cdc9d9-ddb5-4fa4-a97d-d965ccfc6d4b" outcome="Passed" testListId="8c84fa94-04c1-424b-9868-57a2d4851a1d" relativeResultsDirectory="8f72bbe8-c28f-4655-8902-8daba0f65b71">
    </UnitTestResult>
    <UnitTestResult executionId="a31bdc4f-2a2b-400c-8652-34e67800c818" testId="e56789c3-c298-c14a-b9d3-f1a84d2f3e8b" testName="CapNhat_CapNhatGhiChuMon" computerName="DAT" duration="00:00:00.0002047" startTime="2019-11-17T22:36:21.2638438+07:00" endTime="2019-11-17T22:36:21.2678339+07:00" testType="13cdc9d9-ddb5-4fa4-a97d-d965ccfc6d4b" outcome="Passed" testListId="8c84fa94-04c1-424b-9868-57a2d4851a1d" relativeResultsDirectory="a31bdc4f-2a2b-400c-8652-34e67800c818">
    </UnitTestResult>
    <UnitTestResult executionId="4a3f0a07-1f94-4778-98d0-aaeb8a42b34e" testId="e9f15037-3b94-ca0a-e260-6e2c6d3560db" testName="Test_KiemTraHoaDonDaThanhToan" computerName="DAT" duration="00:00:00.0114949" startTime="2019-11-17T22:36:21.2738173+07:00" endTime="2019-11-17T22:36:21.2877805+07:00" testType="13cdc9d9-ddb5-4fa4-a97d-d965ccfc6d4b" outcome="Passed" testListId="8c84fa94-04c1-424b-9868-57a2d4851a1d" relativeResultsDirectory="4a3f0a07-1f94-4778-98d0-aaeb8a42b34e">
    </UnitTestResult>
    <UnitTestResult executionId="041ec1b2-9de6-477f-852f-cefa690e89bc" testId="f0234b3c-f46c-0e01-65e8-c42627450b4c" testName="Test_SoSanh_BangNhau" computerName="DAT" duration="00:00:00.0001335" startTime="2019-11-17T22:36:21.2937642+07:00" endTime="2019-11-17T22:36:21.2967569+07:00" testType="13cdc9d9-ddb5-4fa4-a97d-d965ccfc6d4b" outcome="Passed" testListId="8c84fa94-04c1-424b-9868-57a2d4851a1d" relativeResultsDirectory="041ec1b2-9de6-477f-852f-cefa690e89bc">
    </UnitTestResult>
    <UnitTestResult executionId="a7e3d70b-227a-4b4e-b499-16959669d2de" testId="f3bd33ba-840c-ef80-6ee1-67effc662fd1" testName="ThemBan_NhapDungSucChua" computerName="DAT" duration="00:00:00.0002285" startTime="2019-11-17T22:36:21.3057317+07:00" endTime="2019-11-17T22:36:21.3087239+07:00" testType="13cdc9d9-ddb5-4fa4-a97d-d965ccfc6d4b" outcome="Passed" testListId="8c84fa94-04c1-424b-9868-57a2d4851a1d" relativeResultsDirectory="a7e3d70b-227a-4b4e-b499-16959669d2de">
    </UnitTestResult>
    <UnitTestResult executionId="a97e7223-01bd-478f-b326-20690b2a7a3a" testId="f640cdbc-7682-fa1e-584c-24d33454f385" testName="DsBanDat_LayDungDSBanDat" computerName="DAT" duration="00:00:00.0004695" startTime="2019-11-17T22:36:21.3167051+07:00" endTime="2019-11-17T22:36:21.3196955+07:00" testType="13cdc9d9-ddb5-4fa4-a97d-d965ccfc6d4b" outcome="Passed" testListId="8c84fa94-04c1-424b-9868-57a2d4851a1d" relativeResultsDirectory="a97e7223-01bd-478f-b326-20690b2a7a3a">
    </UnitTestResult>
    <UnitTestResult executionId="af2bdbf7-50de-47cb-98d4-ee2d6d5e8f5b" testId="f93f9ba7-60db-4d30-e04f-0ae6bb772115" testName="Test_KiemTraHoaDonDaThanhToan1" computerName="DAT" duration="00:00:00.0123536" startTime="2019-11-17T22:36:21.3266772+07:00" endTime="2019-11-17T22:36:21.3411474+07:00" testType="13cdc9d9-ddb5-4fa4-a97d-d965ccfc6d4b" outcome="Failed" testListId="8c84fa94-04c1-424b-9868-57a2d4851a1d" relativeResultsDirectory="af2bdbf7-50de-47cb-98d4-ee2d6d5e8f5b">
      <Output>
        <ErrorInfo>
          <Message>Assert.IsFalse failed. </Message>
          <StackTrace>   at Testing.UnitTests.Test_QuanLyHoaDon.Test_KiemTraHoaDonDaThanhToan1() in C:\Users\Dat\Desktop\QuanLyCafe_ver2.0\UnitTest\Test_QuanLyHoaDon.cs:line 54
</StackTrace>
        </ErrorInfo>
      </Output>
    </UnitTestResult>
    <UnitTestResult executionId="499a75a1-0cd3-47e7-951a-0efd6284f17c" testId="fc80d0d6-d4f8-0082-3d0a-79f3560d90f5" testName="Test_QuanTri1" computerName="DAT" duration="00:00:00.0245836" startTime="2019-11-17T22:36:21.3501228+07:00" endTime="2019-11-17T22:36:21.3780490+07:00" testType="13cdc9d9-ddb5-4fa4-a97d-d965ccfc6d4b" outcome="Passed" testListId="8c84fa94-04c1-424b-9868-57a2d4851a1d" relativeResultsDirectory="499a75a1-0cd3-47e7-951a-0efd6284f17c">
    </UnitTestResult>
  </Results>
</TestRun>