<?xml version="1.0" encoding="UTF-8"?>
<TestRun id="16cbac26-4ad3-4c9a-80a9-4cad46ea3ca5" name="Dat@DAT 2019-11-17 15:34:00" runUser="DAT\Dat" xmlns="http://microsoft.com/schemas/VisualStudio/TeamTest/2010">
  <TestSettings name="Local" id="ac1e801b-a157-4743-b81a-14bced406d4b">
    <Description>These are default test settings for a local test run.</Description>
    <Deployment enabled="false" runDeploymentRoot="Dat_DAT 2019-11-17 15_34_00">
      <DeploymentItem filename="C:\Users\Dat\Desktop\QuanLyCafe_ver2.0\bin\Debug\[KTPM]QuanLyCafe.exe" />
    </Deployment>
    <Execution>
      <TestTypeSpecific />
      <AgentRule name="Execution Agents">
      </AgentRule>
    </Execution>
  </TestSettings>
  <Times creation="2019-11-17T15:34:00.7618416+07:00" queuing="2019-11-17T15:34:00.7948881+07:00" start="2019-11-17T15:34:00.7998753+07:00" finish="2019-11-17T15:34:01.0950862+07:00" />
  <ResultSummary outcome="Completed">
    <Counters total="1" executed="1" passed="1" error="0" failed="0" timeout="0" aborted="0" inconclusive="0" passedButRunAborted="0" notRunnable="0" notExecuted="0" disconnected="0" warning="0" completed="0" inProgress="0" pending="0" />
  </ResultSummary>
  <TestDefinitions>
    <UnitTest name="Test_KiemTraSucChua_Dung" storage="c:\users\dat\desktop\quanlycafe_ver2.0\unittest\bin\debug\unittest.dll" id="706c525f-a63b-2ace-e558-1aa04df5541f">
      <Execution id="b8062192-fa10-4c5f-b793-2e40a74bee28" />
      <TestMethod codeBase="C:/Users/Dat/Desktop/QuanLyCafe_ver2.0/UnitTest/bin/Debug/UnitTest.DLL" adapterTypeName="Microsoft.VisualStudio.TestTools.TestTypes.Unit.UnitTestAdapter, Microsoft.VisualStudio.QualityTools.Tips.UnitTest.Adapter, Version=10.0.0.0, Culture=neutral, PublicKeyToken=b03f5f7f11d50a3a" className="UnitTest.Test_Ban, UnitTest, Version=1.0.0.0, Culture=neutral, PublicKeyToken=null" name="Test_KiemTraSucChua_Dung" />
    </UnitTest>
  </TestDefinitions>
  <TestLists>
    <TestList name="Results Not in a List" id="8c84fa94-04c1-424b-9868-57a2d4851a1d" />
    <TestList name="All Loaded Results" id="19431567-8539-422a-85d7-44ee4e166bda" />
  </TestLists>
  <TestEntries>
    <TestEntry testId="706c525f-a63b-2ace-e558-1aa04df5541f" executionId="b8062192-fa10-4c5f-b793-2e40a74bee28" testListId="8c84fa94-04c1-424b-9868-57a2d4851a1d" />
  </TestEntries>
  <Results>
    <UnitTestResult executionId="b8062192-fa10-4c5f-b793-2e40a74bee28" testId="706c525f-a63b-2ace-e558-1aa04df5541f" testName="Test_KiemTraSucChua_Dung" computerName="DAT" duration="00:00:00.0847828" startTime="2019-11-17T15:34:00.8108461+07:00" endTime="2019-11-17T15:34:01.0741426+07:00" testType="13cdc9d9-ddb5-4fa4-a97d-d965ccfc6d4b" outcome="Passed" testListId="8c84fa94-04c1-424b-9868-57a2d4851a1d" relativeResultsDirectory="b8062192-fa10-4c5f-b793-2e40a74bee28">
    </UnitTestResult>
  </Results>
</TestRun>