<?xml version="1.0" encoding="UTF-8"?>
<TestRun id="efa9c9c9-6914-44c7-a005-34bbd009cf74" name="Dat@DAT 2019-11-17 16:05:57" runUser="DAT\Dat" xmlns="http://microsoft.com/schemas/VisualStudio/TeamTest/2010">
  <TestSettings name="Local" id="ac1e801b-a157-4743-b81a-14bced406d4b">
    <Description>These are default test settings for a local test run.</Description>
    <Deployment enabled="false" runDeploymentRoot="Dat_DAT 2019-11-17 16_05_57">
      <DeploymentItem filename="C:\Users\Dat\Desktop\QuanLyCafe_ver2.0\bin\Debug\[KTPM]QuanLyCafe.exe" />
    </Deployment>
    <Execution>
      <TestTypeSpecific />
      <AgentRule name="Execution Agents">
      </AgentRule>
    </Execution>
  </TestSettings>
  <Times creation="2019-11-17T16:05:57.0435829+07:00" queuing="2019-11-17T16:05:57.0964423+07:00" start="2019-11-17T16:05:57.1024269+07:00" finish="2019-11-17T16:05:57.3737021+07:00" />
  <ResultSummary outcome="Completed">
    <Counters total="1" executed="1" passed="1" error="0" failed="0" timeout="0" aborted="0" inconclusive="0" passedButRunAborted="0" notRunnable="0" notExecuted="0" disconnected="0" warning="0" completed="0" inProgress="0" pending="0" />
  </ResultSummary>
  <TestDefinitions>
    <UnitTest name="Test_ThemBan" storage="c:\users\dat\desktop\quanlycafe_ver2.0\unittest\bin\debug\unittest.dll" id="ca9e92d7-3185-5393-8a48-dd3b92a2acbf">
      <Execution id="ed86c053-f9fc-4756-ab7e-82173cd761cc" />
      <TestMethod codeBase="C:/Users/Dat/Desktop/QuanLyCafe_ver2.0/UnitTest/bin/Debug/UnitTest.DLL" adapterTypeName="Microsoft.VisualStudio.TestTools.TestTypes.Unit.UnitTestAdapter, Microsoft.VisualStudio.QualityTools.Tips.UnitTest.Adapter, Version=10.0.0.0, Culture=neutral, PublicKeyToken=b03f5f7f11d50a3a" className="UnitTest.Test_DSBan, UnitTest, Version=1.0.0.0, Culture=neutral, PublicKeyToken=null" name="Test_ThemBan" />
    </UnitTest>
  </TestDefinitions>
  <TestLists>
    <TestList name="Results Not in a List" id="8c84fa94-04c1-424b-9868-57a2d4851a1d" />
    <TestList name="All Loaded Results" id="19431567-8539-422a-85d7-44ee4e166bda" />
  </TestLists>
  <TestEntries>
    <TestEntry testId="ca9e92d7-3185-5393-8a48-dd3b92a2acbf" executionId="ed86c053-f9fc-4756-ab7e-82173cd761cc" testListId="8c84fa94-04c1-424b-9868-57a2d4851a1d" />
  </TestEntries>
  <Results>
    <UnitTestResult executionId="ed86c053-f9fc-4756-ab7e-82173cd761cc" testId="ca9e92d7-3185-5393-8a48-dd3b92a2acbf" testName="Test_ThemBan" computerName="DAT" duration="00:00:00.0133066" startTime="2019-11-17T16:05:57.1133976+07:00" endTime="2019-11-17T16:05:57.3108689+07:00" testType="13cdc9d9-ddb5-4fa4-a97d-d965ccfc6d4b" outcome="Passed" testListId="8c84fa94-04c1-424b-9868-57a2d4851a1d" relativeResultsDirectory="ed86c053-f9fc-4756-ab7e-82173cd761cc">
    </UnitTestResult>
  </Results>
</TestRun>