<?xml version="1.0" encoding="UTF-8"?>
<TestRun id="ee5d0390-5f0f-44ce-a3f7-dc9d1aa07a62" name="Dat@DAT 2019-11-17 22:33:23" runUser="DAT\Dat" xmlns="http://microsoft.com/schemas/VisualStudio/TeamTest/2010">
  <TestSettings name="Local" id="ac1e801b-a157-4743-b81a-14bced406d4b">
    <Description>These are default test settings for a local test run.</Description>
    <Deployment enabled="false" runDeploymentRoot="Dat_DAT 2019-11-17 22_33_23">
      <DeploymentItem filename="C:\Users\Dat\Desktop\QuanLyCafe_ver2.0\bin\Debug\[KTPM]QuanLyCafe.exe" />
    </Deployment>
    <Execution>
      <TestTypeSpecific />
      <AgentRule name="Execution Agents">
      </AgentRule>
    </Execution>
  </TestSettings>
  <Times creation="2019-11-17T22:33:23.4445358+07:00" queuing="2019-11-17T22:33:23.6031121+07:00" start="2019-11-17T22:33:23.6100934+07:00" finish="2019-11-17T22:33:23.9900780+07:00" />
  <ResultSummary outcome="Completed">
    <Counters total="1" executed="1" passed="1" error="0" failed="0" timeout="0" aborted="0" inconclusive="0" passedButRunAborted="0" notRunnable="0" notExecuted="0" disconnected="0" warning="0" completed="0" inProgress="0" pending="0" />
  </ResultSummary>
  <TestDefinitions>
    <UnitTest name="DsMonYeuCau_TimDungTenMon" storage="c:\users\dat\desktop\quanlycafe_ver2.0\unittest\bin\debug\unittest.dll" id="17e42041-4516-a87e-ff03-80180ded590a">
      <Execution id="ddb5faf2-b54f-4402-8128-52352557c26b" />
      <TestMethod codeBase="C:/Users/Dat/Desktop/QuanLyCafe_ver2.0/UnitTest/bin/Debug/UnitTest.DLL" adapterTypeName="Microsoft.VisualStudio.TestTools.TestTypes.Unit.UnitTestAdapter, Microsoft.VisualStudio.QualityTools.Tips.UnitTest.Adapter, Version=10.0.0.0, Culture=neutral, PublicKeyToken=b03f5f7f11d50a3a" className="UnitTest.Test_DSMon, UnitTest, Version=1.0.0.0, Culture=neutral, PublicKeyToken=null" name="DsMonYeuCau_TimDungTenMon" />
    </UnitTest>
  </TestDefinitions>
  <TestLists>
    <TestList name="Results Not in a List" id="8c84fa94-04c1-424b-9868-57a2d4851a1d" />
    <TestList name="All Loaded Results" id="19431567-8539-422a-85d7-44ee4e166bda" />
  </TestLists>
  <TestEntries>
    <TestEntry testId="17e42041-4516-a87e-ff03-80180ded590a" executionId="ddb5faf2-b54f-4402-8128-52352557c26b" testListId="8c84fa94-04c1-424b-9868-57a2d4851a1d" />
  </TestEntries>
  <Results>
    <UnitTestResult executionId="ddb5faf2-b54f-4402-8128-52352557c26b" testId="17e42041-4516-a87e-ff03-80180ded590a" testName="DsMonYeuCau_TimDungTenMon" computerName="DAT" duration="00:00:00.0324617" startTime="2019-11-17T22:33:23.6210678+07:00" endTime="2019-11-17T22:33:23.9461943+07:00" testType="13cdc9d9-ddb5-4fa4-a97d-d965ccfc6d4b" outcome="Passed" testListId="8c84fa94-04c1-424b-9868-57a2d4851a1d" relativeResultsDirectory="ddb5faf2-b54f-4402-8128-52352557c26b">
    </UnitTestResult>
  </Results>
</TestRun>