<?xml version="1.0" encoding="UTF-8"?>
<TestRun id="19f4bd2d-af14-4ad6-89c1-d2e2fc807296" name="Dat@DAT 2019-11-17 22:14:33" runUser="DAT\Dat" xmlns="http://microsoft.com/schemas/VisualStudio/TeamTest/2010">
  <TestSettings name="Local" id="ac1e801b-a157-4743-b81a-14bced406d4b">
    <Description>These are default test settings for a local test run.</Description>
    <Deployment enabled="false" runDeploymentRoot="Dat_DAT 2019-11-17 22_14_33">
      <DeploymentItem filename="C:\Users\Dat\Desktop\QuanLyCafe_ver2.0\bin\Debug\[KTPM]QuanLyCafe.exe" />
    </Deployment>
    <Execution>
      <TestTypeSpecific />
      <AgentRule name="Execution Agents">
      </AgentRule>
    </Execution>
  </TestSettings>
  <Times creation="2019-11-17T22:14:33.4501877+07:00" queuing="2019-11-17T22:14:33.6057705+07:00" start="2019-11-17T22:14:33.6097620+07:00" finish="2019-11-17T22:14:33.9912549+07:00" />
  <ResultSummary outcome="Completed">
    <Counters total="1" executed="1" passed="1" error="0" failed="0" timeout="0" aborted="0" inconclusive="0" passedButRunAborted="0" notRunnable="0" notExecuted="0" disconnected="0" warning="0" completed="0" inProgress="0" pending="0" />
  </ResultSummary>
  <TestDefinitions>
    <UnitTest name="KiemTraTenMonTrung_NhapTenKhongTrung" storage="c:\users\dat\desktop\quanlycafe_ver2.0\unittest\bin\debug\unittest.dll" id="06b8123c-7d1f-8bac-45a7-799067530aab">
      <Execution id="3d37dde8-ee46-47bf-91ab-3b16c4eb697c" />
      <TestMethod codeBase="C:/Users/Dat/Desktop/QuanLyCafe_ver2.0/UnitTest/bin/Debug/UnitTest.DLL" adapterTypeName="Microsoft.VisualStudio.TestTools.TestTypes.Unit.UnitTestAdapter, Microsoft.VisualStudio.QualityTools.Tips.UnitTest.Adapter, Version=10.0.0.0, Culture=neutral, PublicKeyToken=b03f5f7f11d50a3a" className="UnitTest.Test_DSMon, UnitTest, Version=1.0.0.0, Culture=neutral, PublicKeyToken=null" name="KiemTraTenMonTrung_NhapTenKhongTrung" />
    </UnitTest>
  </TestDefinitions>
  <TestLists>
    <TestList name="Results Not in a List" id="8c84fa94-04c1-424b-9868-57a2d4851a1d" />
    <TestList name="All Loaded Results" id="19431567-8539-422a-85d7-44ee4e166bda" />
  </TestLists>
  <TestEntries>
    <TestEntry testId="06b8123c-7d1f-8bac-45a7-799067530aab" executionId="3d37dde8-ee46-47bf-91ab-3b16c4eb697c" testListId="8c84fa94-04c1-424b-9868-57a2d4851a1d" />
  </TestEntries>
  <Results>
    <UnitTestResult executionId="3d37dde8-ee46-47bf-91ab-3b16c4eb697c" testId="06b8123c-7d1f-8bac-45a7-799067530aab" testName="KiemTraTenMonTrung_NhapTenKhongTrung" computerName="DAT" duration="00:00:00.0187315" startTime="2019-11-17T22:14:33.6187360+07:00" endTime="2019-11-17T22:14:33.9044828+07:00" testType="13cdc9d9-ddb5-4fa4-a97d-d965ccfc6d4b" outcome="Passed" testListId="8c84fa94-04c1-424b-9868-57a2d4851a1d" relativeResultsDirectory="3d37dde8-ee46-47bf-91ab-3b16c4eb697c">
    </UnitTestResult>
  </Results>
</TestRun>