<?xml version="1.0" encoding="UTF-8"?>
<TestRun id="1a64c97b-48f1-46c6-b409-58269b7d8418" name="Dat@DAT 2019-11-17 22:23:10" runUser="DAT\Dat" xmlns="http://microsoft.com/schemas/VisualStudio/TeamTest/2010">
  <TestSettings name="Local" id="ac1e801b-a157-4743-b81a-14bced406d4b">
    <Description>These are default test settings for a local test run.</Description>
    <Deployment enabled="false" runDeploymentRoot="Dat_DAT 2019-11-17 22_23_10">
      <DeploymentItem filename="C:\Users\Dat\Desktop\QuanLyCafe_ver2.0\bin\Debug\[KTPM]QuanLyCafe.exe" />
    </Deployment>
    <Execution>
      <TestTypeSpecific />
      <AgentRule name="Execution Agents">
      </AgentRule>
    </Execution>
  </TestSettings>
  <Times creation="2019-11-17T22:23:10.1609700+07:00" queuing="2019-11-17T22:23:10.1988683+07:00" start="2019-11-17T22:23:10.2038577+07:00" finish="2019-11-17T22:23:10.4960862+07:00" />
  <ResultSummary outcome="Failed">
    <Counters total="1" executed="1" error="0" failed="1" timeout="0" aborted="0" inconclusive="0" passedButRunAborted="0" notRunnable="0" notExecuted="0" disconnected="0" warning="0" passed="0" completed="0" inProgress="0" pending="0" />
  </ResultSummary>
  <TestDefinitions>
    <UnitTest name="CapNhat_CapNhatGiaMon" storage="c:\users\dat\desktop\quanlycafe_ver2.0\unittest\bin\debug\unittest.dll" id="0e315cd6-bf1a-28c8-1808-19e15ee2bdbb">
      <Execution id="af7c79fe-ca57-4768-b654-f17088d1c8ea" />
      <TestMethod codeBase="C:/Users/Dat/Desktop/QuanLyCafe_ver2.0/UnitTest/bin/Debug/UnitTest.DLL" adapterTypeName="Microsoft.VisualStudio.TestTools.TestTypes.Unit.UnitTestAdapter, Microsoft.VisualStudio.QualityTools.Tips.UnitTest.Adapter, Version=10.0.0.0, Culture=neutral, PublicKeyToken=b03f5f7f11d50a3a" className="UnitTest.Test_DSMon, UnitTest, Version=1.0.0.0, Culture=neutral, PublicKeyToken=null" name="CapNhat_CapNhatGiaMon" />
    </UnitTest>
  </TestDefinitions>
  <TestLists>
    <TestList name="Results Not in a List" id="8c84fa94-04c1-424b-9868-57a2d4851a1d" />
    <TestList name="All Loaded Results" id="19431567-8539-422a-85d7-44ee4e166bda" />
  </TestLists>
  <TestEntries>
    <TestEntry testId="0e315cd6-bf1a-28c8-1808-19e15ee2bdbb" executionId="af7c79fe-ca57-4768-b654-f17088d1c8ea" testListId="8c84fa94-04c1-424b-9868-57a2d4851a1d" />
  </TestEntries>
  <Results>
    <UnitTestResult executionId="af7c79fe-ca57-4768-b654-f17088d1c8ea" testId="0e315cd6-bf1a-28c8-1808-19e15ee2bdbb" testName="CapNhat_CapNhatGiaMon" computerName="DAT" duration="00:00:00.0431206" startTime="2019-11-17T22:23:10.2148260+07:00" endTime="2019-11-17T22:23:10.4611752+07:00" testType="13cdc9d9-ddb5-4fa4-a97d-d965ccfc6d4b" outcome="Failed" testListId="8c84fa94-04c1-424b-9868-57a2d4851a1d" relativeResultsDirectory="af7c79fe-ca57-4768-b654-f17088d1c8ea">
      <Output>
        <ErrorInfo>
          <Message>Assert.AreEqual failed. Expected:&lt;17 (System.Single)&gt;. Actual:&lt;Lipton (System.String)&gt;. </Message>
          <StackTrace>   at UnitTest.Test_DSMon.CapNhat_CapNhatGiaMon() in C:\Users\Dat\Desktop\QuanLyCafe_ver2.0\UnitTest\Test_DSMon.cs:line 113
</StackTrace>
        </ErrorInfo>
      </Output>
    </UnitTestResult>
  </Results>
</TestRun>