<?xml version="1.0" encoding="UTF-8"?>
<TestRun id="f33a7d7e-cde1-457e-8069-ebdbaf0ef3b3" name="Dat@DAT 2019-11-17 15:57:35" runUser="DAT\Dat" xmlns="http://microsoft.com/schemas/VisualStudio/TeamTest/2010">
  <TestSettings name="Local" id="ac1e801b-a157-4743-b81a-14bced406d4b">
    <Description>These are default test settings for a local test run.</Description>
    <Deployment enabled="false" runDeploymentRoot="Dat_DAT 2019-11-17 15_57_35">
      <DeploymentItem filename="C:\Users\Dat\Desktop\QuanLyCafe_ver2.0\bin\Debug\[KTPM]QuanLyCafe.exe" />
    </Deployment>
    <Execution>
      <TestTypeSpecific />
      <AgentRule name="Execution Agents">
      </AgentRule>
    </Execution>
  </TestSettings>
  <Times creation="2019-11-17T15:57:35.8456100+07:00" queuing="2019-11-17T15:57:35.9044892+07:00" start="2019-11-17T15:57:35.9094767+07:00" finish="2019-11-17T15:57:36.3403244+07:00" />
  <ResultSummary outcome="Failed">
    <Counters total="1" executed="1" error="0" failed="1" timeout="0" aborted="0" inconclusive="0" passedButRunAborted="0" notRunnable="0" notExecuted="0" disconnected="0" warning="0" passed="0" completed="0" inProgress="0" pending="0" />
  </ResultSummary>
  <TestDefinitions>
    <UnitTest name="Test_TimBan_KhongThay" storage="c:\users\dat\desktop\quanlycafe_ver2.0\unittest\bin\debug\unittest.dll" id="3393e269-f099-7851-92da-ffa6475b1c98">
      <Execution id="5c19cec0-733a-4c90-802c-8bbe2e2cca5d" />
      <TestMethod codeBase="C:/Users/Dat/Desktop/QuanLyCafe_ver2.0/UnitTest/bin/Debug/UnitTest.DLL" adapterTypeName="Microsoft.VisualStudio.TestTools.TestTypes.Unit.UnitTestAdapter, Microsoft.VisualStudio.QualityTools.Tips.UnitTest.Adapter, Version=10.0.0.0, Culture=neutral, PublicKeyToken=b03f5f7f11d50a3a" className="UnitTest.Test_DSBan, UnitTest, Version=1.0.0.0, Culture=neutral, PublicKeyToken=null" name="Test_TimBan_KhongThay" />
    </UnitTest>
  </TestDefinitions>
  <TestLists>
    <TestList name="Results Not in a List" id="8c84fa94-04c1-424b-9868-57a2d4851a1d" />
    <TestList name="All Loaded Results" id="19431567-8539-422a-85d7-44ee4e166bda" />
  </TestLists>
  <TestEntries>
    <TestEntry testId="3393e269-f099-7851-92da-ffa6475b1c98" executionId="5c19cec0-733a-4c90-802c-8bbe2e2cca5d" testListId="8c84fa94-04c1-424b-9868-57a2d4851a1d" />
  </TestEntries>
  <Results>
    <UnitTestResult executionId="5c19cec0-733a-4c90-802c-8bbe2e2cca5d" testId="3393e269-f099-7851-92da-ffa6475b1c98" testName="Test_TimBan_KhongThay" computerName="DAT" duration="00:00:00.1192071" startTime="2019-11-17T15:57:35.9214448+07:00" endTime="2019-11-17T15:57:36.3133961+07:00" testType="13cdc9d9-ddb5-4fa4-a97d-d965ccfc6d4b" outcome="Failed" testListId="8c84fa94-04c1-424b-9868-57a2d4851a1d" relativeResultsDirectory="5c19cec0-733a-4c90-802c-8bbe2e2cca5d">
      <Output>
        <ErrorInfo>
          <Message>Assert.AreEqual failed. Expected:&lt;(null)&gt;. Actual:&lt;_KTPM_QuanLyCafe.Ban.Ban&gt;. </Message>
          <StackTrace>   at UnitTest.Test_DSBan.Test_TimBan_KhongThay() in C:\Users\Dat\Desktop\QuanLyCafe_ver2.0\UnitTest\Test_DSBan.cs:line 50
</StackTrace>
        </ErrorInfo>
      </Output>
    </UnitTestResult>
  </Results>
</TestRun>