<?xml version="1.0" encoding="UTF-8"?>
<TestRun id="9074e49a-9a84-41b5-bdfa-d44cf8f62a91" name="Dat@DAT 2019-11-16 14:45:19" runUser="DAT\Dat" xmlns="http://microsoft.com/schemas/VisualStudio/TeamTest/2010">
  <TestSettings name="Local" id="ac1e801b-a157-4743-b81a-14bced406d4b">
    <Description>These are default test settings for a local test run.</Description>
    <Deployment enabled="false" runDeploymentRoot="Dat_DAT 2019-11-16 14_45_19">
      <DeploymentItem filename="C:\Users\Dat\Desktop\QuanLyCafe\bin\Debug\[KTPM]QuanLyCafe.exe" />
    </Deployment>
    <Execution>
      <TestTypeSpecific />
      <AgentRule name="Execution Agents">
      </AgentRule>
    </Execution>
  </TestSettings>
  <Times creation="2019-11-16T14:45:19.9142471+07:00" queuing="2019-11-16T14:45:19.9477501+07:00" start="2019-11-16T14:45:19.9529095+07:00" finish="2019-11-16T14:45:34.3810566+07:00" />
  <ResultSummary outcome="Failed">
    <Counters total="1" executed="1" error="0" failed="1" timeout="0" aborted="0" inconclusive="0" passedButRunAborted="0" notRunnable="0" notExecuted="0" disconnected="0" warning="0" passed="0" completed="0" inProgress="0" pending="0" />
  </ResultSummary>
  <TestDefinitions>
    <UnitTest name="TestMethod1" storage="c:\users\dat\desktop\testpm\bin\debug\testpm.dll" id="965eab1f-853f-2831-d698-eb176c37d1a3">
      <Execution id="c03dd5d0-24d3-4203-8396-882272426f84" />
      <TestMethod codeBase="C:/Users/Dat/Desktop/TestPM/bin/Debug/TestPM.DLL" adapterTypeName="Microsoft.VisualStudio.TestTools.TestTypes.Unit.UnitTestAdapter, Microsoft.VisualStudio.QualityTools.Tips.UnitTest.Adapter, Version=10.0.0.0, Culture=neutral, PublicKeyToken=b03f5f7f11d50a3a" className="TestPM.DangNhapTest, TestPM, Version=1.0.0.0, Culture=neutral, PublicKeyToken=null" name="TestMethod1" />
    </UnitTest>
  </TestDefinitions>
  <TestLists>
    <TestList name="Results Not in a List" id="8c84fa94-04c1-424b-9868-57a2d4851a1d" />
    <TestList name="All Loaded Results" id="19431567-8539-422a-85d7-44ee4e166bda" />
  </TestLists>
  <TestEntries>
    <TestEntry testId="965eab1f-853f-2831-d698-eb176c37d1a3" executionId="c03dd5d0-24d3-4203-8396-882272426f84" testListId="8c84fa94-04c1-424b-9868-57a2d4851a1d" />
  </TestEntries>
  <Results>
    <UnitTestResult executionId="c03dd5d0-24d3-4203-8396-882272426f84" testId="965eab1f-853f-2831-d698-eb176c37d1a3" testName="TestMethod1" computerName="DAT" duration="00:00:14.1751920" startTime="2019-11-16T14:45:19.9609604+07:00" endTime="2019-11-16T14:45:34.3576693+07:00" testType="13cdc9d9-ddb5-4fa4-a97d-d965ccfc6d4b" outcome="Failed" testListId="8c84fa94-04c1-424b-9868-57a2d4851a1d" relativeResultsDirectory="c03dd5d0-24d3-4203-8396-882272426f84">
      <Output>
        <ErrorInfo>
          <Message>Assert.AreEqual failed. Expected:&lt;0&gt;. Actual:&lt;1&gt;. </Message>
          <StackTrace>   at TestPM.DangNhapTest.TestMethod1() in C:\Users\Dat\Desktop\TestPM\DangNhapTest.cs:line 22
</StackTrace>
        </ErrorInfo>
      </Output>
    </UnitTestResult>
  </Results>
</TestRun>